2024-07-31 08:08:43.298  INFO 6864 --- [http-nio-8080-exec-2] o.o.s.security.SsoFilter                 : ----------------------------------------------------------
2024-07-31 08:08:43.626  INFO 6864 --- [http-nio-8080-exec-2] o.o.s.security.SsoFilter                 : Произведен вход с логином 041AlikinOS
2024-07-31 08:08:43.626  INFO 6864 --- [http-nio-8080-exec-2] o.o.s.security.SsoFilter                 : Подразделение: 041-000-4601
2024-07-31 08:08:43.626  INFO 6864 --- [http-nio-8080-exec-2] o.o.s.security.SsoFilter                 : Список ролей, доступных пользователю:
2024-07-31 08:08:43.626  INFO 6864 --- [http-nio-8080-exec-2] o.o.s.security.SsoFilter                 : ROLE_ADMIN
2024-07-31 08:08:43.626  INFO 6864 --- [http-nio-8080-exec-2] o.o.s.security.SsoFilter                 : ----------------------------------------------------------
2024-07-31 08:08:44.766  INFO 6864 --- [http-nio-8080-exec-3] r.g.s.a.m.c.ExceptionController          : Http status code >> 404
2024-07-31 08:08:44.766  INFO 6864 --- [http-nio-8080-exec-3] r.g.s.a.m.c.ExceptionController          : Exception >> null
2024-07-31 08:08:44.766  INFO 6864 --- [http-nio-8080-exec-3] r.g.s.a.m.c.ExceptionController          : exceptionType >> null
2024-07-31 08:08:44.766  INFO 6864 --- [http-nio-8080-exec-3] r.g.s.a.m.c.ExceptionController          : errorMessage >> 
2024-07-31 08:08:44.766  INFO 6864 --- [http-nio-8080-exec-3] r.g.s.a.m.c.ExceptionController          : requestUri >> /favicon.ico
2024-07-31 08:08:44.766  INFO 6864 --- [http-nio-8080-exec-3] r.g.s.a.m.c.ExceptionController          : servletName >> dispatcherServlet
2024-07-31 08:41:47.778  INFO 5512 --- [restartedMain] r.g.s.a.m.MonitoringApplication          : Starting MonitoringApplication using Java 11.0.2 on WS04100008018 with PID 5512 (C:\Users\041AlikinOS\Documents\NetBeansProjects\monitoring\target\classes started by 041AlikinOS in C:\Users\041AlikinOS\Documents\NetBeansProjects\monitoring)
2024-07-31 08:41:47.778  INFO 5512 --- [restartedMain] r.g.s.a.m.MonitoringApplication          : No active profile set, falling back to 1 default profile: "default"
2024-07-31 08:41:47.918  INFO 5512 --- [restartedMain] .e.DevToolsPropertyDefaultsPostProcessor : Devtools property defaults active! Set 'spring.devtools.add-properties' to 'false' to disable
2024-07-31 08:41:47.928  INFO 5512 --- [restartedMain] .e.DevToolsPropertyDefaultsPostProcessor : For additional web related logging consider setting the 'logging.level.web' property to 'DEBUG'
2024-07-31 08:41:52.078  INFO 5512 --- [restartedMain] .s.d.r.c.RepositoryConfigurationDelegate : Bootstrapping Spring Data JPA repositories in DEFAULT mode.
2024-07-31 08:41:52.608  INFO 5512 --- [restartedMain] .s.d.r.c.RepositoryConfigurationDelegate : Finished Spring Data repository scanning in 498 ms. Found 38 JPA repository interfaces.
2024-07-31 08:41:53.288  INFO 5512 --- [restartedMain] o.s.cloud.context.scope.GenericScope     : BeanFactory id=27f4c2c0-1a60-3a39-a9ca-f6dd1659c9e2
2024-07-31 08:41:53.738  INFO 5512 --- [restartedMain] trationDelegate$BeanPostProcessorChecker : Bean 'org.opfr.starter.report.ReportUtilsAutoConfiguration' of type [org.opfr.starter.report.ReportUtilsAutoConfiguration] is not eligible for getting processed by all BeanPostProcessors (for example: not eligible for auto-proxying)
2024-07-31 08:41:54.618  INFO 5512 --- [restartedMain] o.s.b.w.embedded.tomcat.TomcatWebServer  : Tomcat initialized with port(s): 8080 (http)
2024-07-31 08:41:54.708  INFO 5512 --- [restartedMain] o.apache.catalina.core.StandardService   : Starting service [Tomcat]
2024-07-31 08:41:54.708  INFO 5512 --- [restartedMain] org.apache.catalina.core.StandardEngine  : Starting Servlet engine: [Apache Tomcat/9.0.71]
2024-07-31 08:41:54.888  INFO 5512 --- [restartedMain] o.a.c.c.C.[Tomcat].[localhost].[/]       : Initializing Spring embedded WebApplicationContext
2024-07-31 08:41:54.888  INFO 5512 --- [restartedMain] w.s.c.ServletWebServerApplicationContext : Root WebApplicationContext: initialization completed in 6960 ms
2024-07-31 08:41:54.978  WARN 5512 --- [restartedMain] JpaBaseConfiguration$JpaWebConfiguration : spring.jpa.open-in-view is enabled by default. Therefore, database queries may be performed during view rendering. Explicitly configure spring.jpa.open-in-view to disable this warning
2024-07-31 08:41:55.308  INFO 5512 --- [restartedMain] o.hibernate.jpa.internal.util.LogHelper  : HHH000204: Processing PersistenceUnitInfo [name: default]
2024-07-31 08:41:55.418  INFO 5512 --- [restartedMain] org.hibernate.Version                    : HHH000412: Hibernate ORM core version 5.6.14.Final
2024-07-31 08:41:55.778  INFO 5512 --- [restartedMain] o.hibernate.annotations.common.Version   : HCANN000001: Hibernate Commons Annotations {5.1.2.Final}
2024-07-31 08:41:56.008  INFO 5512 --- [restartedMain] com.zaxxer.hikari.HikariDataSource       : HikariPool-1 - Starting...
2024-07-31 08:41:56.458  INFO 5512 --- [restartedMain] com.zaxxer.hikari.HikariDataSource       : HikariPool-1 - Start completed.
2024-07-31 08:41:56.528  INFO 5512 --- [restartedMain] org.hibernate.dialect.Dialect            : HHH000400: Using dialect: org.hibernate.dialect.MySQL5InnoDBDialect
2024-07-31 08:41:56.928  WARN 5512 --- [restartedMain] org.hibernate.cfg.AnnotationBinder       : HHH000137: Root entity should not hold a PrimaryKeyJoinColum(s), will be ignored: ru.gov.sfr.aos.monitoring.entities.Location
2024-07-31 08:41:56.938  WARN 5512 --- [restartedMain] org.hibernate.cfg.AnnotationBinder       : HHH000137: Root entity should not hold a PrimaryKeyJoinColum(s), will be ignored: ru.gov.sfr.aos.monitoring.entities.NameFromOneC
2024-07-31 08:42:02.248  INFO 5512 --- [restartedMain] o.h.e.t.j.p.i.JtaPlatformInitiator       : HHH000490: Using JtaPlatform implementation: [org.hibernate.engine.transaction.jta.platform.internal.NoJtaPlatform]
2024-07-31 08:42:02.298  INFO 5512 --- [restartedMain] j.LocalContainerEntityManagerFactoryBean : Initialized JPA EntityManagerFactory for persistence unit 'default'
2024-07-31 08:42:04.428  WARN 5512 --- [restartedMain] o.s.s.c.a.web.builders.WebSecurity       : You are asking Spring Security to ignore Ant [pattern='/resources/**']. This is not recommended -- please use permitAll via HttpSecurity#authorizeHttpRequests instead.
2024-07-31 08:42:04.428  INFO 5512 --- [restartedMain] o.s.s.web.DefaultSecurityFilterChain     : Will not secure Ant [pattern='/resources/**']
2024-07-31 08:42:04.428  WARN 5512 --- [restartedMain] o.s.s.c.a.web.builders.WebSecurity       : You are asking Spring Security to ignore Ant [pattern='/actuator/**']. This is not recommended -- please use permitAll via HttpSecurity#authorizeHttpRequests instead.
2024-07-31 08:42:04.428  INFO 5512 --- [restartedMain] o.s.s.web.DefaultSecurityFilterChain     : Will not secure Ant [pattern='/actuator/**']
2024-07-31 08:42:04.428  WARN 5512 --- [restartedMain] o.s.s.c.a.web.builders.WebSecurity       : You are asking Spring Security to ignore Ant [pattern='/actuator/criteria']. This is not recommended -- please use permitAll via HttpSecurity#authorizeHttpRequests instead.
2024-07-31 08:42:04.428  INFO 5512 --- [restartedMain] o.s.s.web.DefaultSecurityFilterChain     : Will not secure Ant [pattern='/actuator/criteria']
2024-07-31 08:42:04.488  INFO 5512 --- [restartedMain] o.s.s.web.DefaultSecurityFilterChain     : Will secure any request with [org.springframework.security.web.session.DisableEncodeUrlFilter@7a0f5955, org.springframework.security.web.context.request.async.WebAsyncManagerIntegrationFilter@17541973, org.springframework.security.web.context.SecurityContextPersistenceFilter@3fe7e3b3, org.springframework.security.web.header.HeaderWriterFilter@98e3268, org.springframework.security.web.authentication.logout.LogoutFilter@6d6b1fa4, org.opfr.springbootstarterauthsso.security.SsoFilter@148cbc46, org.springframework.security.web.savedrequest.RequestCacheAwareFilter@7d38740e, org.springframework.security.web.servletapi.SecurityContextHolderAwareRequestFilter@34be65f2, org.springframework.security.web.authentication.AnonymousAuthenticationFilter@65b9c536, org.springframework.security.web.session.SessionManagementFilter@4522bd00, org.springframework.security.web.access.ExceptionTranslationFilter@2a5963f3, org.springframework.security.web.access.intercept.FilterSecurityInterceptor@5314217e]
2024-07-31 08:42:10.568  INFO 5512 --- [restartedMain] o.s.b.d.a.OptionalLiveReloadServer       : LiveReload server is running on port 35729
2024-07-31 08:42:10.778  INFO 5512 --- [restartedMain] o.s.c.openfeign.FeignClientFactoryBean   : For 'dictionary-service' URL not provided. Will try picking an instance via load-balancing.
2024-07-31 08:42:11.468  INFO 5512 --- [restartedMain] o.s.c.openfeign.FeignClientFactoryBean   : For 'dictionary-service' URL not provided. Will try picking an instance via load-balancing.
2024-07-31 08:42:12.898  INFO 5512 --- [restartedMain] DiscoveryClientOptionalArgsConfiguration : Eureka HTTP Client uses RestTemplate.
2024-07-31 08:42:12.988  WARN 5512 --- [restartedMain] iguration$LoadBalancerCaffeineWarnLogger : Spring Cloud LoadBalancer is currently working with the default cache. You can switch to using Caffeine cache, by adding it and org.springframework.cache.caffeine.CaffeineCacheManager to the classpath.
2024-07-31 08:42:13.108  INFO 5512 --- [restartedMain] o.s.b.w.embedded.tomcat.TomcatWebServer  : Tomcat started on port(s): 8080 (http) with context path ''
2024-07-31 08:42:13.128  INFO 5512 --- [restartedMain] r.g.s.a.m.MonitoringApplication          : Started MonitoringApplication in 26.37 seconds (JVM running for 27.947)
2024-07-31 08:44:08.250  INFO 5512 --- [File Watcher] rtingClassPathChangeChangedEventListener : Restarting due to 1 class path change (0 additions, 0 deletions, 1 modification)
2024-07-31 08:44:08.270  INFO 5512 --- [Thread-5] o.apache.catalina.core.StandardService   : Stopping service [Tomcat]
2024-07-31 08:44:08.280  WARN 5512 --- [Thread-5] o.a.c.loader.WebappClassLoaderBase       : The web application [ROOT] appears to have started a thread named [HikariPool-1 housekeeper] but has failed to stop it. This is very likely to create a memory leak. Stack trace of thread:
 java.base@11.0.2/jdk.internal.misc.Unsafe.park(Native Method)
 java.base@11.0.2/java.util.concurrent.locks.LockSupport.parkNanos(LockSupport.java:234)
 java.base@11.0.2/java.util.concurrent.locks.AbstractQueuedSynchronizer$ConditionObject.awaitNanos(AbstractQueuedSynchronizer.java:2123)
 java.base@11.0.2/java.util.concurrent.ScheduledThreadPoolExecutor$DelayedWorkQueue.take(ScheduledThreadPoolExecutor.java:1182)
 java.base@11.0.2/java.util.concurrent.ScheduledThreadPoolExecutor$DelayedWorkQueue.take(ScheduledThreadPoolExecutor.java:899)
 java.base@11.0.2/java.util.concurrent.ThreadPoolExecutor.getTask(ThreadPoolExecutor.java:1054)
 java.base@11.0.2/java.util.concurrent.ThreadPoolExecutor.runWorker(ThreadPoolExecutor.java:1114)
 java.base@11.0.2/java.util.concurrent.ThreadPoolExecutor$Worker.run(ThreadPoolExecutor.java:628)
 java.base@11.0.2/java.lang.Thread.run(Thread.java:834)
2024-07-31 08:44:08.300  INFO 5512 --- [Thread-5] j.LocalContainerEntityManagerFactoryBean : Closing JPA EntityManagerFactory for persistence unit 'default'
2024-07-31 08:44:08.310  INFO 5512 --- [Thread-5] com.zaxxer.hikari.HikariDataSource       : HikariPool-1 - Shutdown initiated...
2024-07-31 08:44:08.340  INFO 5512 --- [Thread-5] com.zaxxer.hikari.HikariDataSource       : HikariPool-1 - Shutdown completed.
2024-07-31 08:44:08.500  INFO 5512 --- [restartedMain] r.g.s.a.m.MonitoringApplication          : Starting MonitoringApplication using Java 11.0.2 on WS04100008018 with PID 5512 (C:\Users\041AlikinOS\Documents\NetBeansProjects\monitoring\target\classes started by 041AlikinOS in C:\Users\041AlikinOS\Documents\NetBeansProjects\monitoring)
2024-07-31 08:44:08.500  INFO 5512 --- [restartedMain] r.g.s.a.m.MonitoringApplication          : No active profile set, falling back to 1 default profile: "default"
2024-07-31 08:44:08.860  INFO 5512 --- [restartedMain] .s.d.r.c.RepositoryConfigurationDelegate : Bootstrapping Spring Data JPA repositories in DEFAULT mode.
2024-07-31 08:44:08.980  INFO 5512 --- [restartedMain] .s.d.r.c.RepositoryConfigurationDelegate : Finished Spring Data repository scanning in 119 ms. Found 38 JPA repository interfaces.
2024-07-31 08:44:09.080  INFO 5512 --- [restartedMain] o.s.cloud.context.scope.GenericScope     : BeanFactory id=27f4c2c0-1a60-3a39-a9ca-f6dd1659c9e2
2024-07-31 08:44:09.110  INFO 5512 --- [restartedMain] trationDelegate$BeanPostProcessorChecker : Bean 'org.opfr.starter.report.ReportUtilsAutoConfiguration' of type [org.opfr.starter.report.ReportUtilsAutoConfiguration] is not eligible for getting processed by all BeanPostProcessors (for example: not eligible for auto-proxying)
2024-07-31 08:44:09.160  INFO 5512 --- [restartedMain] o.s.b.w.embedded.tomcat.TomcatWebServer  : Tomcat initialized with port(s): 8080 (http)
2024-07-31 08:44:09.170  INFO 5512 --- [restartedMain] o.apache.catalina.core.StandardService   : Starting service [Tomcat]
2024-07-31 08:44:09.170  INFO 5512 --- [restartedMain] org.apache.catalina.core.StandardEngine  : Starting Servlet engine: [Apache Tomcat/9.0.71]
2024-07-31 08:44:09.190  INFO 5512 --- [restartedMain] o.a.c.c.C.[Tomcat].[localhost].[/]       : Initializing Spring embedded WebApplicationContext
2024-07-31 08:44:09.190  INFO 5512 --- [restartedMain] w.s.c.ServletWebServerApplicationContext : Root WebApplicationContext: initialization completed in 680 ms
2024-07-31 08:44:09.210  WARN 5512 --- [restartedMain] JpaBaseConfiguration$JpaWebConfiguration : spring.jpa.open-in-view is enabled by default. Therefore, database queries may be performed during view rendering. Explicitly configure spring.jpa.open-in-view to disable this warning
2024-07-31 08:44:09.250  INFO 5512 --- [restartedMain] o.hibernate.jpa.internal.util.LogHelper  : HHH000204: Processing PersistenceUnitInfo [name: default]
2024-07-31 08:44:09.260  INFO 5512 --- [restartedMain] com.zaxxer.hikari.HikariDataSource       : HikariPool-2 - Starting...
2024-07-31 08:44:09.280  INFO 5512 --- [restartedMain] com.zaxxer.hikari.HikariDataSource       : HikariPool-2 - Start completed.
2024-07-31 08:44:09.290  INFO 5512 --- [restartedMain] org.hibernate.dialect.Dialect            : HHH000400: Using dialect: org.hibernate.dialect.MySQL5InnoDBDialect
2024-07-31 08:44:09.290 ERROR 5512 --- [restartedMain] j.LocalContainerEntityManagerFactoryBean : Failed to initialize JPA EntityManagerFactory: Unable to load class [ru.gov.sfr.aos.monitoring.entities.SystemBlockModel]
2024-07-31 08:44:09.290 ERROR 5512 --- [restartedMain] o.s.b.web.embedded.tomcat.TomcatStarter  : Error starting Tomcat context. Exception: org.springframework.beans.factory.UnsatisfiedDependencyException. Message: Error creating bean with name 'org.opfr.springbootstarterauthsso.SpringBootStarterAuthSsoApplication': Unsatisfied dependency expressed through method 'setContentNegotationStrategy' parameter 0; nested exception is org.springframework.beans.factory.UnsatisfiedDependencyException: Error creating bean with name 'org.springframework.boot.autoconfigure.web.servlet.WebMvcAutoConfiguration$EnableWebMvcConfiguration': Unsatisfied dependency expressed through method 'setConfigurers' parameter 0; nested exception is org.springframework.beans.factory.UnsatisfiedDependencyException: Error creating bean with name 'openEntityManagerInViewInterceptorConfigurer' defined in class path resource [org/springframework/boot/autoconfigure/orm/jpa/JpaBaseConfiguration$JpaWebConfiguration.class]: Unsatisfied dependency expressed through method 'openEntityManagerInViewInterceptorConfigurer' parameter 0; nested exception is org.springframework.beans.factory.BeanCreationException: Error creating bean with name 'openEntityManagerInViewInterceptor' defined in class path resource [org/springframework/boot/autoconfigure/orm/jpa/JpaBaseConfiguration$JpaWebConfiguration.class]: Initialization of bean failed; nested exception is org.springframework.beans.factory.BeanCreationException: Error creating bean with name 'entityManagerFactory' defined in class path resource [org/springframework/boot/autoconfigure/orm/jpa/HibernateJpaConfiguration.class]: Invocation of init method failed; nested exception is org.hibernate.boot.registry.classloading.spi.ClassLoadingException: Unable to load class [ru.gov.sfr.aos.monitoring.entities.SystemBlockModel]
2024-07-31 08:44:09.290  INFO 5512 --- [restartedMain] o.apache.catalina.core.StandardService   : Stopping service [Tomcat]
2024-07-31 08:44:09.290  WARN 5512 --- [restartedMain] o.a.c.loader.WebappClassLoaderBase       : The web application [ROOT] appears to have started a thread named [HikariPool-2 housekeeper] but has failed to stop it. This is very likely to create a memory leak. Stack trace of thread:
 java.base@11.0.2/jdk.internal.misc.Unsafe.park(Native Method)
 java.base@11.0.2/java.util.concurrent.locks.LockSupport.parkNanos(LockSupport.java:234)
 java.base@11.0.2/java.util.concurrent.locks.AbstractQueuedSynchronizer$ConditionObject.awaitNanos(AbstractQueuedSynchronizer.java:2123)
 java.base@11.0.2/java.util.concurrent.ScheduledThreadPoolExecutor$DelayedWorkQueue.take(ScheduledThreadPoolExecutor.java:1182)
 java.base@11.0.2/java.util.concurrent.ScheduledThreadPoolExecutor$DelayedWorkQueue.take(ScheduledThreadPoolExecutor.java:899)
 java.base@11.0.2/java.util.concurrent.ThreadPoolExecutor.getTask(ThreadPoolExecutor.java:1054)
 java.base@11.0.2/java.util.concurrent.ThreadPoolExecutor.runWorker(ThreadPoolExecutor.java:1114)
 java.base@11.0.2/java.util.concurrent.ThreadPoolExecutor$Worker.run(ThreadPoolExecutor.java:628)
 java.base@11.0.2/java.lang.Thread.run(Thread.java:834)
2024-07-31 08:44:09.290  WARN 5512 --- [restartedMain] ConfigServletWebServerApplicationContext : Exception encountered during context initialization - cancelling refresh attempt: org.springframework.context.ApplicationContextException: Unable to start web server; nested exception is org.springframework.boot.web.server.WebServerException: Unable to start embedded Tomcat
2024-07-31 08:44:09.290  INFO 5512 --- [restartedMain] com.zaxxer.hikari.HikariDataSource       : HikariPool-2 - Shutdown initiated...
2024-07-31 08:44:09.300  INFO 5512 --- [restartedMain] com.zaxxer.hikari.HikariDataSource       : HikariPool-2 - Shutdown completed.
2024-07-31 08:44:09.300  INFO 5512 --- [restartedMain] ConditionEvaluationReportLoggingListener : 

Error starting ApplicationContext. To display the conditions report re-run your application with 'debug' enabled.
2024-07-31 08:44:09.420 ERROR 5512 --- [restartedMain] o.s.boot.SpringApplication               : Application run failed

org.springframework.context.ApplicationContextException: Unable to start web server; nested exception is org.springframework.boot.web.server.WebServerException: Unable to start embedded Tomcat
	at org.springframework.boot.web.servlet.context.ServletWebServerApplicationContext.onRefresh(ServletWebServerApplicationContext.java:165) ~[spring-boot-2.7.8.jar:2.7.8]
	at org.springframework.context.support.AbstractApplicationContext.refresh(AbstractApplicationContext.java:577) ~[spring-context-5.3.25.jar:5.3.25]
	at org.springframework.boot.web.servlet.context.ServletWebServerApplicationContext.refresh(ServletWebServerApplicationContext.java:147) ~[spring-boot-2.7.8.jar:2.7.8]
	at org.springframework.boot.SpringApplication.refresh(SpringApplication.java:731) ~[spring-boot-2.7.8.jar:2.7.8]
	at org.springframework.boot.SpringApplication.refreshContext(SpringApplication.java:408) ~[spring-boot-2.7.8.jar:2.7.8]
	at org.springframework.boot.SpringApplication.run(SpringApplication.java:307) ~[spring-boot-2.7.8.jar:2.7.8]
	at org.springframework.boot.SpringApplication.run(SpringApplication.java:1303) ~[spring-boot-2.7.8.jar:2.7.8]
	at org.springframework.boot.SpringApplication.run(SpringApplication.java:1292) ~[spring-boot-2.7.8.jar:2.7.8]
	at ru.gov.sfr.aos.monitoring.MonitoringApplication.main(MonitoringApplication.java:15) ~[classes/:na]
	at java.base/jdk.internal.reflect.NativeMethodAccessorImpl.invoke0(Native Method) ~[na:na]
	at java.base/jdk.internal.reflect.NativeMethodAccessorImpl.invoke(NativeMethodAccessorImpl.java:62) ~[na:na]
	at java.base/jdk.internal.reflect.DelegatingMethodAccessorImpl.invoke(DelegatingMethodAccessorImpl.java:43) ~[na:na]
	at java.base/java.lang.reflect.Method.invoke(Method.java:566) ~[na:na]
	at org.springframework.boot.devtools.restart.RestartLauncher.run(RestartLauncher.java:49) ~[spring-boot-devtools-2.7.8.jar:2.7.8]
Caused by: org.springframework.boot.web.server.WebServerException: Unable to start embedded Tomcat
	at org.springframework.boot.web.embedded.tomcat.TomcatWebServer.initialize(TomcatWebServer.java:142) ~[spring-boot-2.7.8.jar:2.7.8]
	at org.springframework.boot.web.embedded.tomcat.TomcatWebServer.<init>(TomcatWebServer.java:104) ~[spring-boot-2.7.8.jar:2.7.8]
	at org.springframework.boot.web.embedded.tomcat.TomcatServletWebServerFactory.getTomcatWebServer(TomcatServletWebServerFactory.java:479) ~[spring-boot-2.7.8.jar:2.7.8]
	at org.springframework.boot.web.embedded.tomcat.TomcatServletWebServerFactory.getWebServer(TomcatServletWebServerFactory.java:211) ~[spring-boot-2.7.8.jar:2.7.8]
	at org.springframework.boot.web.servlet.context.ServletWebServerApplicationContext.createWebServer(ServletWebServerApplicationContext.java:184) ~[spring-boot-2.7.8.jar:2.7.8]
	at org.springframework.boot.web.servlet.context.ServletWebServerApplicationContext.onRefresh(ServletWebServerApplicationContext.java:162) ~[spring-boot-2.7.8.jar:2.7.8]
	... 13 common frames omitted
Caused by: org.springframework.beans.factory.UnsatisfiedDependencyException: Error creating bean with name 'org.opfr.springbootstarterauthsso.SpringBootStarterAuthSsoApplication': Unsatisfied dependency expressed through method 'setContentNegotationStrategy' parameter 0; nested exception is org.springframework.beans.factory.UnsatisfiedDependencyException: Error creating bean with name 'org.springframework.boot.autoconfigure.web.servlet.WebMvcAutoConfiguration$EnableWebMvcConfiguration': Unsatisfied dependency expressed through method 'setConfigurers' parameter 0; nested exception is org.springframework.beans.factory.UnsatisfiedDependencyException: Error creating bean with name 'openEntityManagerInViewInterceptorConfigurer' defined in class path resource [org/springframework/boot/autoconfigure/orm/jpa/JpaBaseConfiguration$JpaWebConfiguration.class]: Unsatisfied dependency expressed through method 'openEntityManagerInViewInterceptorConfigurer' parameter 0; nested exception is org.springframework.beans.factory.BeanCreationException: Error creating bean with name 'openEntityManagerInViewInterceptor' defined in class path resource [org/springframework/boot/autoconfigure/orm/jpa/JpaBaseConfiguration$JpaWebConfiguration.class]: Initialization of bean failed; nested exception is org.springframework.beans.factory.BeanCreationException: Error creating bean with name 'entityManagerFactory' defined in class path resource [org/springframework/boot/autoconfigure/orm/jpa/HibernateJpaConfiguration.class]: Invocation of init method failed; nested exception is org.hibernate.boot.registry.classloading.spi.ClassLoadingException: Unable to load class [ru.gov.sfr.aos.monitoring.entities.SystemBlockModel]
	at org.springframework.beans.factory.annotation.AutowiredAnnotationBeanPostProcessor$AutowiredMethodElement.resolveMethodArguments(AutowiredAnnotationBeanPostProcessor.java:768) ~[spring-beans-5.3.25.jar:5.3.25]
	at org.springframework.beans.factory.annotation.AutowiredAnnotationBeanPostProcessor$AutowiredMethodElement.inject(AutowiredAnnotationBeanPostProcessor.java:720) ~[spring-beans-5.3.25.jar:5.3.25]
	at org.springframework.beans.factory.annotation.InjectionMetadata.inject(InjectionMetadata.java:119) ~[spring-beans-5.3.25.jar:5.3.25]
	at org.springframework.beans.factory.annotation.AutowiredAnnotationBeanPostProcessor.postProcessProperties(AutowiredAnnotationBeanPostProcessor.java:399) ~[spring-beans-5.3.25.jar:5.3.25]
	at org.springframework.beans.factory.support.AbstractAutowireCapableBeanFactory.populateBean(AbstractAutowireCapableBeanFactory.java:1431) ~[spring-beans-5.3.25.jar:5.3.25]
	at org.springframework.beans.factory.support.AbstractAutowireCapableBeanFactory.doCreateBean(AbstractAutowireCapableBeanFactory.java:619) ~[spring-beans-5.3.25.jar:5.3.25]
	at org.springframework.beans.factory.support.AbstractAutowireCapableBeanFactory.createBean(AbstractAutowireCapableBeanFactory.java:542) ~[spring-beans-5.3.25.jar:5.3.25]
	at org.springframework.beans.factory.support.AbstractBeanFactory.lambda$doGetBean$0(AbstractBeanFactory.java:335) ~[spring-beans-5.3.25.jar:5.3.25]
	at org.springframework.beans.factory.support.DefaultSingletonBeanRegistry.getSingleton(DefaultSingletonBeanRegistry.java:234) ~[spring-beans-5.3.25.jar:5.3.25]
	at org.springframework.beans.factory.support.AbstractBeanFactory.doGetBean(AbstractBeanFactory.java:333) ~[spring-beans-5.3.25.jar:5.3.25]
	at org.springframework.beans.factory.support.AbstractBeanFactory.getBean(AbstractBeanFactory.java:208) ~[spring-beans-5.3.25.jar:5.3.25]
	at org.springframework.beans.factory.support.ConstructorResolver.instantiateUsingFactoryMethod(ConstructorResolver.java:410) ~[spring-beans-5.3.25.jar:5.3.25]
	at org.springframework.beans.factory.support.AbstractAutowireCapableBeanFactory.instantiateUsingFactoryMethod(AbstractAutowireCapableBeanFactory.java:1352) ~[spring-beans-5.3.25.jar:5.3.25]
	at org.springframework.beans.factory.support.AbstractAutowireCapableBeanFactory.createBeanInstance(AbstractAutowireCapableBeanFactory.java:1195) ~[spring-beans-5.3.25.jar:5.3.25]
	at org.springframework.beans.factory.support.AbstractAutowireCapableBeanFactory.doCreateBean(AbstractAutowireCapableBeanFactory.java:582) ~[spring-beans-5.3.25.jar:5.3.25]
	at org.springframework.beans.factory.support.AbstractAutowireCapableBeanFactory.createBean(AbstractAutowireCapableBeanFactory.java:542) ~[spring-beans-5.3.25.jar:5.3.25]
	at org.springframework.beans.factory.support.AbstractBeanFactory.lambda$doGetBean$0(AbstractBeanFactory.java:335) ~[spring-beans-5.3.25.jar:5.3.25]
	at org.springframework.beans.factory.support.DefaultSingletonBeanRegistry.getSingleton(DefaultSingletonBeanRegistry.java:234) ~[spring-beans-5.3.25.jar:5.3.25]
	at org.springframework.beans.factory.support.AbstractBeanFactory.doGetBean(AbstractBeanFactory.java:333) ~[spring-beans-5.3.25.jar:5.3.25]
	at org.springframework.beans.factory.support.AbstractBeanFactory.getBean(AbstractBeanFactory.java:213) ~[spring-beans-5.3.25.jar:5.3.25]
	at org.springframework.boot.web.servlet.ServletContextInitializerBeans.getOrderedBeansOfType(ServletContextInitializerBeans.java:212) ~[spring-boot-2.7.8.jar:2.7.8]
	at org.springframework.boot.web.servlet.ServletContextInitializerBeans.addAsRegistrationBean(ServletContextInitializerBeans.java:175) ~[spring-boot-2.7.8.jar:2.7.8]
	at org.springframework.boot.web.servlet.ServletContextInitializerBeans.addAsRegistrationBean(ServletContextInitializerBeans.java:170) ~[spring-boot-2.7.8.jar:2.7.8]
	at org.springframework.boot.web.servlet.ServletContextInitializerBeans.addAdaptableBeans(ServletContextInitializerBeans.java:155) ~[spring-boot-2.7.8.jar:2.7.8]
	at org.springframework.boot.web.servlet.ServletContextInitializerBeans.<init>(ServletContextInitializerBeans.java:87) ~[spring-boot-2.7.8.jar:2.7.8]
	at org.springframework.boot.web.servlet.context.ServletWebServerApplicationContext.getServletContextInitializerBeans(ServletWebServerApplicationContext.java:262) ~[spring-boot-2.7.8.jar:2.7.8]
	at org.springframework.boot.web.servlet.context.ServletWebServerApplicationContext.selfInitialize(ServletWebServerApplicationContext.java:236) ~[spring-boot-2.7.8.jar:2.7.8]
	at org.springframework.boot.web.embedded.tomcat.TomcatStarter.onStartup(TomcatStarter.java:53) ~[spring-boot-2.7.8.jar:2.7.8]
	at org.apache.catalina.core.StandardContext.startInternal(StandardContext.java:5211) ~[tomcat-embed-core-9.0.71.jar:9.0.71]
	at org.apache.catalina.util.LifecycleBase.start(LifecycleBase.java:183) ~[tomcat-embed-core-9.0.71.jar:9.0.71]
	at org.apache.catalina.core.ContainerBase$StartChild.call(ContainerBase.java:1393) ~[tomcat-embed-core-9.0.71.jar:9.0.71]
	at org.apache.catalina.core.ContainerBase$StartChild.call(ContainerBase.java:1383) ~[tomcat-embed-core-9.0.71.jar:9.0.71]
	at java.base/java.util.concurrent.FutureTask.run(FutureTask.java:264) ~[na:na]
	at org.apache.tomcat.util.threads.InlineExecutorService.execute(InlineExecutorService.java:75) ~[tomcat-embed-core-9.0.71.jar:9.0.71]
	at java.base/java.util.concurrent.AbstractExecutorService.submit(AbstractExecutorService.java:140) ~[na:na]
	at org.apache.catalina.core.ContainerBase.startInternal(ContainerBase.java:916) ~[tomcat-embed-core-9.0.71.jar:9.0.71]
	at org.apache.catalina.core.StandardHost.startInternal(StandardHost.java:835) ~[tomcat-embed-core-9.0.71.jar:9.0.71]
	at org.apache.catalina.util.LifecycleBase.start(LifecycleBase.java:183) ~[tomcat-embed-core-9.0.71.jar:9.0.71]
	at org.apache.catalina.core.ContainerBase$StartChild.call(ContainerBase.java:1393) ~[tomcat-embed-core-9.0.71.jar:9.0.71]
	at org.apache.catalina.core.ContainerBase$StartChild.call(ContainerBase.java:1383) ~[tomcat-embed-core-9.0.71.jar:9.0.71]
	at java.base/java.util.concurrent.FutureTask.run(FutureTask.java:264) ~[na:na]
	at org.apache.tomcat.util.threads.InlineExecutorService.execute(InlineExecutorService.java:75) ~[tomcat-embed-core-9.0.71.jar:9.0.71]
	at java.base/java.util.concurrent.AbstractExecutorService.submit(AbstractExecutorService.java:140) ~[na:na]
	at org.apache.catalina.core.ContainerBase.startInternal(ContainerBase.java:916) ~[tomcat-embed-core-9.0.71.jar:9.0.71]
	at org.apache.catalina.core.StandardEngine.startInternal(StandardEngine.java:265) ~[tomcat-embed-core-9.0.71.jar:9.0.71]
	at org.apache.catalina.util.LifecycleBase.start(LifecycleBase.java:183) ~[tomcat-embed-core-9.0.71.jar:9.0.71]
	at org.apache.catalina.core.StandardService.startInternal(StandardService.java:430) ~[tomcat-embed-core-9.0.71.jar:9.0.71]
	at org.apache.catalina.util.LifecycleBase.start(LifecycleBase.java:183) ~[tomcat-embed-core-9.0.71.jar:9.0.71]
	at org.apache.catalina.core.StandardServer.startInternal(StandardServer.java:930) ~[tomcat-embed-core-9.0.71.jar:9.0.71]
	at org.apache.catalina.util.LifecycleBase.start(LifecycleBase.java:183) ~[tomcat-embed-core-9.0.71.jar:9.0.71]
	at org.apache.catalina.startup.Tomcat.start(Tomcat.java:486) ~[tomcat-embed-core-9.0.71.jar:9.0.71]
	at org.springframework.boot.web.embedded.tomcat.TomcatWebServer.initialize(TomcatWebServer.java:123) ~[spring-boot-2.7.8.jar:2.7.8]
	... 18 common frames omitted
Caused by: org.springframework.beans.factory.UnsatisfiedDependencyException: Error creating bean with name 'org.springframework.boot.autoconfigure.web.servlet.WebMvcAutoConfiguration$EnableWebMvcConfiguration': Unsatisfied dependency expressed through method 'setConfigurers' parameter 0; nested exception is org.springframework.beans.factory.UnsatisfiedDependencyException: Error creating bean with name 'openEntityManagerInViewInterceptorConfigurer' defined in class path resource [org/springframework/boot/autoconfigure/orm/jpa/JpaBaseConfiguration$JpaWebConfiguration.class]: Unsatisfied dependency expressed through method 'openEntityManagerInViewInterceptorConfigurer' parameter 0; nested exception is org.springframework.beans.factory.BeanCreationException: Error creating bean with name 'openEntityManagerInViewInterceptor' defined in class path resource [org/springframework/boot/autoconfigure/orm/jpa/JpaBaseConfiguration$JpaWebConfiguration.class]: Initialization of bean failed; nested exception is org.springframework.beans.factory.BeanCreationException: Error creating bean with name 'entityManagerFactory' defined in class path resource [org/springframework/boot/autoconfigure/orm/jpa/HibernateJpaConfiguration.class]: Invocation of init method failed; nested exception is org.hibernate.boot.registry.classloading.spi.ClassLoadingException: Unable to load class [ru.gov.sfr.aos.monitoring.entities.SystemBlockModel]
	at org.springframework.beans.factory.annotation.AutowiredAnnotationBeanPostProcessor$AutowiredMethodElement.resolveMethodArguments(AutowiredAnnotationBeanPostProcessor.java:768) ~[spring-beans-5.3.25.jar:5.3.25]
	at org.springframework.beans.factory.annotation.AutowiredAnnotationBeanPostProcessor$AutowiredMethodElement.inject(AutowiredAnnotationBeanPostProcessor.java:720) ~[spring-beans-5.3.25.jar:5.3.25]
	at org.springframework.beans.factory.annotation.InjectionMetadata.inject(InjectionMetadata.java:119) ~[spring-beans-5.3.25.jar:5.3.25]
	at org.springframework.beans.factory.annotation.AutowiredAnnotationBeanPostProcessor.postProcessProperties(AutowiredAnnotationBeanPostProcessor.java:399) ~[spring-beans-5.3.25.jar:5.3.25]
	at org.springframework.beans.factory.support.AbstractAutowireCapableBeanFactory.populateBean(AbstractAutowireCapableBeanFactory.java:1431) ~[spring-beans-5.3.25.jar:5.3.25]
	at org.springframework.beans.factory.support.AbstractAutowireCapableBeanFactory.doCreateBean(AbstractAutowireCapableBeanFactory.java:619) ~[spring-beans-5.3.25.jar:5.3.25]
	at org.springframework.beans.factory.support.AbstractAutowireCapableBeanFactory.createBean(AbstractAutowireCapableBeanFactory.java:542) ~[spring-beans-5.3.25.jar:5.3.25]
	at org.springframework.beans.factory.support.AbstractBeanFactory.lambda$doGetBean$0(AbstractBeanFactory.java:335) ~[spring-beans-5.3.25.jar:5.3.25]
	at org.springframework.beans.factory.support.DefaultSingletonBeanRegistry.getSingleton(DefaultSingletonBeanRegistry.java:234) ~[spring-beans-5.3.25.jar:5.3.25]
	at org.springframework.beans.factory.support.AbstractBeanFactory.doGetBean(AbstractBeanFactory.java:333) ~[spring-beans-5.3.25.jar:5.3.25]
	at org.springframework.beans.factory.support.AbstractBeanFactory.getBean(AbstractBeanFactory.java:208) ~[spring-beans-5.3.25.jar:5.3.25]
	at org.springframework.beans.factory.support.ConstructorResolver.instantiateUsingFactoryMethod(ConstructorResolver.java:410) ~[spring-beans-5.3.25.jar:5.3.25]
	at org.springframework.beans.factory.support.AbstractAutowireCapableBeanFactory.instantiateUsingFactoryMethod(AbstractAutowireCapableBeanFactory.java:1352) ~[spring-beans-5.3.25.jar:5.3.25]
	at org.springframework.beans.factory.support.AbstractAutowireCapableBeanFactory.createBeanInstance(AbstractAutowireCapableBeanFactory.java:1195) ~[spring-beans-5.3.25.jar:5.3.25]
	at org.springframework.beans.factory.support.AbstractAutowireCapableBeanFactory.doCreateBean(AbstractAutowireCapableBeanFactory.java:582) ~[spring-beans-5.3.25.jar:5.3.25]
	at org.springframework.beans.factory.support.AbstractAutowireCapableBeanFactory.createBean(AbstractAutowireCapableBeanFactory.java:542) ~[spring-beans-5.3.25.jar:5.3.25]
	at org.springframework.beans.factory.support.AbstractBeanFactory.lambda$doGetBean$0(AbstractBeanFactory.java:335) ~[spring-beans-5.3.25.jar:5.3.25]
	at org.springframework.beans.factory.support.DefaultSingletonBeanRegistry.getSingleton(DefaultSingletonBeanRegistry.java:234) ~[spring-beans-5.3.25.jar:5.3.25]
	at org.springframework.beans.factory.support.AbstractBeanFactory.doGetBean(AbstractBeanFactory.java:333) ~[spring-beans-5.3.25.jar:5.3.25]
	at org.springframework.beans.factory.support.AbstractBeanFactory.getBean(AbstractBeanFactory.java:208) ~[spring-beans-5.3.25.jar:5.3.25]
	at org.springframework.beans.factory.config.DependencyDescriptor.resolveCandidate(DependencyDescriptor.java:276) ~[spring-beans-5.3.25.jar:5.3.25]
	at org.springframework.beans.factory.support.DefaultListableBeanFactory.doResolveDependency(DefaultListableBeanFactory.java:1391) ~[spring-beans-5.3.25.jar:5.3.25]
	at org.springframework.beans.factory.support.DefaultListableBeanFactory.resolveDependency(DefaultListableBeanFactory.java:1311) ~[spring-beans-5.3.25.jar:5.3.25]
	at org.springframework.beans.factory.annotation.AutowiredAnnotationBeanPostProcessor$AutowiredMethodElement.resolveMethodArguments(AutowiredAnnotationBeanPostProcessor.java:760) ~[spring-beans-5.3.25.jar:5.3.25]
	... 69 common frames omitted
Caused by: org.springframework.beans.factory.UnsatisfiedDependencyException: Error creating bean with name 'openEntityManagerInViewInterceptorConfigurer' defined in class path resource [org/springframework/boot/autoconfigure/orm/jpa/JpaBaseConfiguration$JpaWebConfiguration.class]: Unsatisfied dependency expressed through method 'openEntityManagerInViewInterceptorConfigurer' parameter 0; nested exception is org.springframework.beans.factory.BeanCreationException: Error creating bean with name 'openEntityManagerInViewInterceptor' defined in class path resource [org/springframework/boot/autoconfigure/orm/jpa/JpaBaseConfiguration$JpaWebConfiguration.class]: Initialization of bean failed; nested exception is org.springframework.beans.factory.BeanCreationException: Error creating bean with name 'entityManagerFactory' defined in class path resource [org/springframework/boot/autoconfigure/orm/jpa/HibernateJpaConfiguration.class]: Invocation of init method failed; nested exception is org.hibernate.boot.registry.classloading.spi.ClassLoadingException: Unable to load class [ru.gov.sfr.aos.monitoring.entities.SystemBlockModel]
	at org.springframework.beans.factory.support.ConstructorResolver.createArgumentArray(ConstructorResolver.java:800) ~[spring-beans-5.3.25.jar:5.3.25]
	at org.springframework.beans.factory.support.ConstructorResolver.instantiateUsingFactoryMethod(ConstructorResolver.java:541) ~[spring-beans-5.3.25.jar:5.3.25]
	at org.springframework.beans.factory.support.AbstractAutowireCapableBeanFactory.instantiateUsingFactoryMethod(AbstractAutowireCapableBeanFactory.java:1352) ~[spring-beans-5.3.25.jar:5.3.25]
	at org.springframework.beans.factory.support.AbstractAutowireCapableBeanFactory.createBeanInstance(AbstractAutowireCapableBeanFactory.java:1195) ~[spring-beans-5.3.25.jar:5.3.25]
	at org.springframework.beans.factory.support.AbstractAutowireCapableBeanFactory.doCreateBean(AbstractAutowireCapableBeanFactory.java:582) ~[spring-beans-5.3.25.jar:5.3.25]
	at org.springframework.beans.factory.support.AbstractAutowireCapableBeanFactory.createBean(AbstractAutowireCapableBeanFactory.java:542) ~[spring-beans-5.3.25.jar:5.3.25]
	at org.springframework.beans.factory.support.AbstractBeanFactory.lambda$doGetBean$0(AbstractBeanFactory.java:335) ~[spring-beans-5.3.25.jar:5.3.25]
	at org.springframework.beans.factory.support.DefaultSingletonBeanRegistry.getSingleton(DefaultSingletonBeanRegistry.java:234) ~[spring-beans-5.3.25.jar:5.3.25]
	at org.springframework.beans.factory.support.AbstractBeanFactory.doGetBean(AbstractBeanFactory.java:333) ~[spring-beans-5.3.25.jar:5.3.25]
	at org.springframework.beans.factory.support.AbstractBeanFactory.getBean(AbstractBeanFactory.java:208) ~[spring-beans-5.3.25.jar:5.3.25]
	at org.springframework.beans.factory.config.DependencyDescriptor.resolveCandidate(DependencyDescriptor.java:276) ~[spring-beans-5.3.25.jar:5.3.25]
	at org.springframework.beans.factory.support.DefaultListableBeanFactory.addCandidateEntry(DefaultListableBeanFactory.java:1609) ~[spring-beans-5.3.25.jar:5.3.25]
	at org.springframework.beans.factory.support.DefaultListableBeanFactory.findAutowireCandidates(DefaultListableBeanFactory.java:1573) ~[spring-beans-5.3.25.jar:5.3.25]
	at org.springframework.beans.factory.support.DefaultListableBeanFactory.resolveMultipleBeans(DefaultListableBeanFactory.java:1462) ~[spring-beans-5.3.25.jar:5.3.25]
	at org.springframework.beans.factory.support.DefaultListableBeanFactory.doResolveDependency(DefaultListableBeanFactory.java:1349) ~[spring-beans-5.3.25.jar:5.3.25]
	at org.springframework.beans.factory.support.DefaultListableBeanFactory.resolveDependency(DefaultListableBeanFactory.java:1311) ~[spring-beans-5.3.25.jar:5.3.25]
	at org.springframework.beans.factory.annotation.AutowiredAnnotationBeanPostProcessor$AutowiredMethodElement.resolveMethodArguments(AutowiredAnnotationBeanPostProcessor.java:760) ~[spring-beans-5.3.25.jar:5.3.25]
	... 92 common frames omitted
Caused by: org.springframework.beans.factory.BeanCreationException: Error creating bean with name 'openEntityManagerInViewInterceptor' defined in class path resource [org/springframework/boot/autoconfigure/orm/jpa/JpaBaseConfiguration$JpaWebConfiguration.class]: Initialization of bean failed; nested exception is org.springframework.beans.factory.BeanCreationException: Error creating bean with name 'entityManagerFactory' defined in class path resource [org/springframework/boot/autoconfigure/orm/jpa/HibernateJpaConfiguration.class]: Invocation of init method failed; nested exception is org.hibernate.boot.registry.classloading.spi.ClassLoadingException: Unable to load class [ru.gov.sfr.aos.monitoring.entities.SystemBlockModel]
	at org.springframework.beans.factory.support.AbstractAutowireCapableBeanFactory.doCreateBean(AbstractAutowireCapableBeanFactory.java:628) ~[spring-beans-5.3.25.jar:5.3.25]
	at org.springframework.beans.factory.support.AbstractAutowireCapableBeanFactory.createBean(AbstractAutowireCapableBeanFactory.java:542) ~[spring-beans-5.3.25.jar:5.3.25]
	at org.springframework.beans.factory.support.AbstractBeanFactory.lambda$doGetBean$0(AbstractBeanFactory.java:335) ~[spring-beans-5.3.25.jar:5.3.25]
	at org.springframework.beans.factory.support.DefaultSingletonBeanRegistry.getSingleton(DefaultSingletonBeanRegistry.java:234) ~[spring-beans-5.3.25.jar:5.3.25]
	at org.springframework.beans.factory.support.AbstractBeanFactory.doGetBean(AbstractBeanFactory.java:333) ~[spring-beans-5.3.25.jar:5.3.25]
	at org.springframework.beans.factory.support.AbstractBeanFactory.getBean(AbstractBeanFactory.java:208) ~[spring-beans-5.3.25.jar:5.3.25]
	at org.springframework.beans.factory.config.DependencyDescriptor.resolveCandidate(DependencyDescriptor.java:276) ~[spring-beans-5.3.25.jar:5.3.25]
	at org.springframework.beans.factory.support.DefaultListableBeanFactory.doResolveDependency(DefaultListableBeanFactory.java:1391) ~[spring-beans-5.3.25.jar:5.3.25]
	at org.springframework.beans.factory.support.DefaultListableBeanFactory.resolveDependency(DefaultListableBeanFactory.java:1311) ~[spring-beans-5.3.25.jar:5.3.25]
	at org.springframework.beans.factory.support.ConstructorResolver.resolveAutowiredArgument(ConstructorResolver.java:887) ~[spring-beans-5.3.25.jar:5.3.25]
	at org.springframework.beans.factory.support.ConstructorResolver.createArgumentArray(ConstructorResolver.java:791) ~[spring-beans-5.3.25.jar:5.3.25]
	... 108 common frames omitted
Caused by: org.springframework.beans.factory.BeanCreationException: Error creating bean with name 'entityManagerFactory' defined in class path resource [org/springframework/boot/autoconfigure/orm/jpa/HibernateJpaConfiguration.class]: Invocation of init method failed; nested exception is org.hibernate.boot.registry.classloading.spi.ClassLoadingException: Unable to load class [ru.gov.sfr.aos.monitoring.entities.SystemBlockModel]
	at org.springframework.beans.factory.support.AbstractAutowireCapableBeanFactory.initializeBean(AbstractAutowireCapableBeanFactory.java:1804) ~[spring-beans-5.3.25.jar:5.3.25]
	at org.springframework.beans.factory.support.AbstractAutowireCapableBeanFactory.doCreateBean(AbstractAutowireCapableBeanFactory.java:620) ~[spring-beans-5.3.25.jar:5.3.25]
	at org.springframework.beans.factory.support.AbstractAutowireCapableBeanFactory.createBean(AbstractAutowireCapableBeanFactory.java:542) ~[spring-beans-5.3.25.jar:5.3.25]
	at org.springframework.beans.factory.support.AbstractBeanFactory.lambda$doGetBean$0(AbstractBeanFactory.java:335) ~[spring-beans-5.3.25.jar:5.3.25]
	at org.springframework.beans.factory.support.DefaultSingletonBeanRegistry.getSingleton(DefaultSingletonBeanRegistry.java:234) ~[spring-beans-5.3.25.jar:5.3.25]
	at org.springframework.beans.factory.support.AbstractBeanFactory.doGetBean(AbstractBeanFactory.java:333) ~[spring-beans-5.3.25.jar:5.3.25]
	at org.springframework.beans.factory.support.AbstractBeanFactory.getBean(AbstractBeanFactory.java:233) ~[spring-beans-5.3.25.jar:5.3.25]
	at org.springframework.beans.factory.support.DefaultListableBeanFactory.resolveNamedBean(DefaultListableBeanFactory.java:1284) ~[spring-beans-5.3.25.jar:5.3.25]
	at org.springframework.beans.factory.support.DefaultListableBeanFactory.resolveNamedBean(DefaultListableBeanFactory.java:1245) ~[spring-beans-5.3.25.jar:5.3.25]
	at org.springframework.beans.factory.support.DefaultListableBeanFactory.resolveBean(DefaultListableBeanFactory.java:494) ~[spring-beans-5.3.25.jar:5.3.25]
	at org.springframework.beans.factory.support.DefaultListableBeanFactory.getBean(DefaultListableBeanFactory.java:349) ~[spring-beans-5.3.25.jar:5.3.25]
	at org.springframework.beans.factory.support.DefaultListableBeanFactory.getBean(DefaultListableBeanFactory.java:342) ~[spring-beans-5.3.25.jar:5.3.25]
	at org.springframework.orm.jpa.EntityManagerFactoryUtils.findEntityManagerFactory(EntityManagerFactoryUtils.java:121) ~[spring-orm-5.3.25.jar:5.3.25]
	at org.springframework.orm.jpa.EntityManagerFactoryAccessor.setBeanFactory(EntityManagerFactoryAccessor.java:155) ~[spring-orm-5.3.25.jar:5.3.25]
	at org.springframework.beans.factory.support.AbstractAutowireCapableBeanFactory.invokeAwareMethods(AbstractAutowireCapableBeanFactory.java:1826) ~[spring-beans-5.3.25.jar:5.3.25]
	at org.springframework.beans.factory.support.AbstractAutowireCapableBeanFactory.initializeBean(AbstractAutowireCapableBeanFactory.java:1791) ~[spring-beans-5.3.25.jar:5.3.25]
	at org.springframework.beans.factory.support.AbstractAutowireCapableBeanFactory.doCreateBean(AbstractAutowireCapableBeanFactory.java:620) ~[spring-beans-5.3.25.jar:5.3.25]
	... 118 common frames omitted
Caused by: org.hibernate.boot.registry.classloading.spi.ClassLoadingException: Unable to load class [ru.gov.sfr.aos.monitoring.entities.SystemBlockModel]
	at org.hibernate.boot.registry.classloading.internal.ClassLoaderServiceImpl.classForName(ClassLoaderServiceImpl.java:136) ~[hibernate-core-5.6.14.Final.jar:5.6.14.Final]
	at org.hibernate.boot.model.source.internal.annotations.AnnotationMetadataSourceProcessorImpl.<init>(AnnotationMetadataSourceProcessorImpl.java:101) ~[hibernate-core-5.6.14.Final.jar:5.6.14.Final]
	at org.hibernate.boot.model.process.spi.MetadataBuildingProcess$1.<init>(MetadataBuildingProcess.java:164) ~[hibernate-core-5.6.14.Final.jar:5.6.14.Final]
	at org.hibernate.boot.model.process.spi.MetadataBuildingProcess.complete(MetadataBuildingProcess.java:158) ~[hibernate-core-5.6.14.Final.jar:5.6.14.Final]
	at org.hibernate.jpa.boot.internal.EntityManagerFactoryBuilderImpl.metadata(EntityManagerFactoryBuilderImpl.java:1460) ~[hibernate-core-5.6.14.Final.jar:5.6.14.Final]
	at org.hibernate.jpa.boot.internal.EntityManagerFactoryBuilderImpl.build(EntityManagerFactoryBuilderImpl.java:1494) ~[hibernate-core-5.6.14.Final.jar:5.6.14.Final]
	at org.springframework.orm.jpa.vendor.SpringHibernateJpaPersistenceProvider.createContainerEntityManagerFactory(SpringHibernateJpaPersistenceProvider.java:58) ~[spring-orm-5.3.25.jar:5.3.25]
	at org.springframework.orm.jpa.LocalContainerEntityManagerFactoryBean.createNativeEntityManagerFactory(LocalContainerEntityManagerFactoryBean.java:365) ~[spring-orm-5.3.25.jar:5.3.25]
	at org.springframework.orm.jpa.AbstractEntityManagerFactoryBean.buildNativeEntityManagerFactory(AbstractEntityManagerFactoryBean.java:409) ~[spring-orm-5.3.25.jar:5.3.25]
	at org.springframework.orm.jpa.AbstractEntityManagerFactoryBean.afterPropertiesSet(AbstractEntityManagerFactoryBean.java:396) ~[spring-orm-5.3.25.jar:5.3.25]
	at org.springframework.orm.jpa.LocalContainerEntityManagerFactoryBean.afterPropertiesSet(LocalContainerEntityManagerFactoryBean.java:341) ~[spring-orm-5.3.25.jar:5.3.25]
	at org.springframework.beans.factory.support.AbstractAutowireCapableBeanFactory.invokeInitMethods(AbstractAutowireCapableBeanFactory.java:1863) ~[spring-beans-5.3.25.jar:5.3.25]
	at org.springframework.beans.factory.support.AbstractAutowireCapableBeanFactory.initializeBean(AbstractAutowireCapableBeanFactory.java:1800) ~[spring-beans-5.3.25.jar:5.3.25]
	... 134 common frames omitted
Caused by: java.lang.ExceptionInInitializerError: null
	at java.base/java.lang.Class.forName0(Native Method) ~[na:na]
	at java.base/java.lang.Class.forName(Class.java:398) ~[na:na]
	at org.hibernate.boot.registry.classloading.internal.ClassLoaderServiceImpl.classForName(ClassLoaderServiceImpl.java:130) ~[hibernate-core-5.6.14.Final.jar:5.6.14.Final]
	... 146 common frames omitted
Caused by: java.lang.RuntimeException: Uncompilable code - cannot find symbol
  symbol:   variable CascadeType
  location: class ru.gov.sfr.aos.monitoring.entities.SystemBlockModel
	at ru.gov.sfr.aos.monitoring.entities.SystemBlockModel.<clinit>(SystemBlockModel.java:1) ~[classes/:na]
	... 149 common frames omitted

2024-07-31 08:47:43.689  INFO 5324 --- [restartedMain] r.g.s.a.m.MonitoringApplication          : Starting MonitoringApplication using Java 11.0.2 on WS04100008018 with PID 5324 (C:\Users\041AlikinOS\Documents\NetBeansProjects\monitoring\target\classes started by 041AlikinOS in C:\Users\041AlikinOS\Documents\NetBeansProjects\monitoring)
2024-07-31 08:47:43.689  INFO 5324 --- [restartedMain] r.g.s.a.m.MonitoringApplication          : No active profile set, falling back to 1 default profile: "default"
2024-07-31 08:47:43.769  INFO 5324 --- [restartedMain] .e.DevToolsPropertyDefaultsPostProcessor : Devtools property defaults active! Set 'spring.devtools.add-properties' to 'false' to disable
2024-07-31 08:47:43.779  INFO 5324 --- [restartedMain] .e.DevToolsPropertyDefaultsPostProcessor : For additional web related logging consider setting the 'logging.level.web' property to 'DEBUG'
2024-07-31 08:47:44.669  INFO 5324 --- [restartedMain] .s.d.r.c.RepositoryConfigurationDelegate : Bootstrapping Spring Data JPA repositories in DEFAULT mode.
2024-07-31 08:47:44.989  INFO 5324 --- [restartedMain] .s.d.r.c.RepositoryConfigurationDelegate : Finished Spring Data repository scanning in 318 ms. Found 38 JPA repository interfaces.
2024-07-31 08:47:45.299  INFO 5324 --- [restartedMain] o.s.cloud.context.scope.GenericScope     : BeanFactory id=27f4c2c0-1a60-3a39-a9ca-f6dd1659c9e2
2024-07-31 08:47:45.509  INFO 5324 --- [restartedMain] trationDelegate$BeanPostProcessorChecker : Bean 'org.opfr.starter.report.ReportUtilsAutoConfiguration' of type [org.opfr.starter.report.ReportUtilsAutoConfiguration] is not eligible for getting processed by all BeanPostProcessors (for example: not eligible for auto-proxying)
2024-07-31 08:47:46.059  INFO 5324 --- [restartedMain] o.s.b.w.embedded.tomcat.TomcatWebServer  : Tomcat initialized with port(s): 8080 (http)
2024-07-31 08:47:46.069  INFO 5324 --- [restartedMain] o.apache.catalina.core.StandardService   : Starting service [Tomcat]
2024-07-31 08:47:46.069  INFO 5324 --- [restartedMain] org.apache.catalina.core.StandardEngine  : Starting Servlet engine: [Apache Tomcat/9.0.71]
2024-07-31 08:47:46.179  INFO 5324 --- [restartedMain] o.a.c.c.C.[Tomcat].[localhost].[/]       : Initializing Spring embedded WebApplicationContext
2024-07-31 08:47:46.179  INFO 5324 --- [restartedMain] w.s.c.ServletWebServerApplicationContext : Root WebApplicationContext: initialization completed in 2400 ms
2024-07-31 08:47:46.259  WARN 5324 --- [restartedMain] JpaBaseConfiguration$JpaWebConfiguration : spring.jpa.open-in-view is enabled by default. Therefore, database queries may be performed during view rendering. Explicitly configure spring.jpa.open-in-view to disable this warning
2024-07-31 08:47:46.379  INFO 5324 --- [restartedMain] o.hibernate.jpa.internal.util.LogHelper  : HHH000204: Processing PersistenceUnitInfo [name: default]
2024-07-31 08:47:46.429  INFO 5324 --- [restartedMain] org.hibernate.Version                    : HHH000412: Hibernate ORM core version 5.6.14.Final
2024-07-31 08:47:46.559  INFO 5324 --- [restartedMain] o.hibernate.annotations.common.Version   : HCANN000001: Hibernate Commons Annotations {5.1.2.Final}
2024-07-31 08:47:46.659  INFO 5324 --- [restartedMain] com.zaxxer.hikari.HikariDataSource       : HikariPool-1 - Starting...
2024-07-31 08:47:46.889  INFO 5324 --- [restartedMain] com.zaxxer.hikari.HikariDataSource       : HikariPool-1 - Start completed.
2024-07-31 08:47:46.909  INFO 5324 --- [restartedMain] org.hibernate.dialect.Dialect            : HHH000400: Using dialect: org.hibernate.dialect.MySQL5InnoDBDialect
2024-07-31 08:47:47.149  WARN 5324 --- [restartedMain] org.hibernate.cfg.AnnotationBinder       : HHH000137: Root entity should not hold a PrimaryKeyJoinColum(s), will be ignored: ru.gov.sfr.aos.monitoring.entities.Location
2024-07-31 08:47:47.159  WARN 5324 --- [restartedMain] org.hibernate.cfg.AnnotationBinder       : HHH000137: Root entity should not hold a PrimaryKeyJoinColum(s), will be ignored: ru.gov.sfr.aos.monitoring.entities.NameFromOneC
2024-07-31 08:47:48.658  INFO 5324 --- [restartedMain] o.h.e.t.j.p.i.JtaPlatformInitiator       : HHH000490: Using JtaPlatform implementation: [org.hibernate.engine.transaction.jta.platform.internal.NoJtaPlatform]
2024-07-31 08:47:48.668  INFO 5324 --- [restartedMain] j.LocalContainerEntityManagerFactoryBean : Initialized JPA EntityManagerFactory for persistence unit 'default'
2024-07-31 08:47:50.148  WARN 5324 --- [restartedMain] o.s.s.c.a.web.builders.WebSecurity       : You are asking Spring Security to ignore Ant [pattern='/resources/**']. This is not recommended -- please use permitAll via HttpSecurity#authorizeHttpRequests instead.
2024-07-31 08:47:50.148  INFO 5324 --- [restartedMain] o.s.s.web.DefaultSecurityFilterChain     : Will not secure Ant [pattern='/resources/**']
2024-07-31 08:47:50.148  WARN 5324 --- [restartedMain] o.s.s.c.a.web.builders.WebSecurity       : You are asking Spring Security to ignore Ant [pattern='/actuator/**']. This is not recommended -- please use permitAll via HttpSecurity#authorizeHttpRequests instead.
2024-07-31 08:47:50.148  INFO 5324 --- [restartedMain] o.s.s.web.DefaultSecurityFilterChain     : Will not secure Ant [pattern='/actuator/**']
2024-07-31 08:47:50.148  WARN 5324 --- [restartedMain] o.s.s.c.a.web.builders.WebSecurity       : You are asking Spring Security to ignore Ant [pattern='/actuator/criteria']. This is not recommended -- please use permitAll via HttpSecurity#authorizeHttpRequests instead.
2024-07-31 08:47:50.148  INFO 5324 --- [restartedMain] o.s.s.web.DefaultSecurityFilterChain     : Will not secure Ant [pattern='/actuator/criteria']
2024-07-31 08:47:50.188  INFO 5324 --- [restartedMain] o.s.s.web.DefaultSecurityFilterChain     : Will secure any request with [org.springframework.security.web.session.DisableEncodeUrlFilter@2fd2cbab, org.springframework.security.web.context.request.async.WebAsyncManagerIntegrationFilter@6a284b66, org.springframework.security.web.context.SecurityContextPersistenceFilter@590d84d6, org.springframework.security.web.header.HeaderWriterFilter@fa4972, org.springframework.security.web.authentication.logout.LogoutFilter@4d0f635d, org.opfr.springbootstarterauthsso.security.SsoFilter@67dec14b, org.springframework.security.web.savedrequest.RequestCacheAwareFilter@1e1f15d4, org.springframework.security.web.servletapi.SecurityContextHolderAwareRequestFilter@7215b882, org.springframework.security.web.authentication.AnonymousAuthenticationFilter@58bbf3cb, org.springframework.security.web.session.SessionManagementFilter@593ca6a6, org.springframework.security.web.access.ExceptionTranslationFilter@36025b4b, org.springframework.security.web.access.intercept.FilterSecurityInterceptor@506f4fc]
2024-07-31 08:47:50.648  INFO 5324 --- [restartedMain] o.s.b.d.a.OptionalLiveReloadServer       : LiveReload server is running on port 35729
2024-07-31 08:47:50.668  INFO 5324 --- [restartedMain] o.s.c.openfeign.FeignClientFactoryBean   : For 'dictionary-service' URL not provided. Will try picking an instance via load-balancing.
2024-07-31 08:47:50.828  INFO 5324 --- [restartedMain] o.s.c.openfeign.FeignClientFactoryBean   : For 'dictionary-service' URL not provided. Will try picking an instance via load-balancing.
2024-07-31 08:47:51.678  INFO 5324 --- [restartedMain] DiscoveryClientOptionalArgsConfiguration : Eureka HTTP Client uses RestTemplate.
2024-07-31 08:47:51.708  WARN 5324 --- [restartedMain] iguration$LoadBalancerCaffeineWarnLogger : Spring Cloud LoadBalancer is currently working with the default cache. You can switch to using Caffeine cache, by adding it and org.springframework.cache.caffeine.CaffeineCacheManager to the classpath.
2024-07-31 08:47:51.778  INFO 5324 --- [restartedMain] o.s.b.w.embedded.tomcat.TomcatWebServer  : Tomcat started on port(s): 8080 (http) with context path ''
2024-07-31 08:47:51.818  INFO 5324 --- [restartedMain] r.g.s.a.m.MonitoringApplication          : Started MonitoringApplication in 8.642 seconds (JVM running for 9.197)
2024-07-31 14:25:45.697  INFO 5324 --- [http-nio-8080-exec-1] o.a.c.c.C.[Tomcat].[localhost].[/]       : Initializing Spring DispatcherServlet 'dispatcherServlet'
2024-07-31 14:25:45.698  INFO 5324 --- [http-nio-8080-exec-1] o.s.web.servlet.DispatcherServlet        : Initializing Servlet 'dispatcherServlet'
2024-07-31 14:25:45.700  INFO 5324 --- [http-nio-8080-exec-1] o.s.web.servlet.DispatcherServlet        : Completed initialization in 2 ms
2024-07-31 14:26:28.089  INFO 5324 --- [http-nio-8080-exec-5] o.o.s.security.SsoFilter                 : ----------------------------------------------------------
2024-07-31 14:26:28.090  INFO 5324 --- [http-nio-8080-exec-5] o.o.s.security.SsoFilter                 : Произведен вход с логином 041AlikinOS
2024-07-31 14:26:28.091  INFO 5324 --- [http-nio-8080-exec-5] o.o.s.security.SsoFilter                 : Подразделение: 041-000-4601
2024-07-31 14:26:28.091  INFO 5324 --- [http-nio-8080-exec-5] o.o.s.security.SsoFilter                 : Список ролей, доступных пользователю:
2024-07-31 14:26:28.092  INFO 5324 --- [http-nio-8080-exec-5] o.o.s.security.SsoFilter                 : ROLE_ADMIN
2024-07-31 14:26:28.092  INFO 5324 --- [http-nio-8080-exec-5] o.o.s.security.SsoFilter                 : ----------------------------------------------------------
2024-07-31 14:33:43.267  INFO 2076 --- [restartedMain] r.g.s.a.m.MonitoringApplication          : Starting MonitoringApplication using Java 11.0.2 on WS04100008018 with PID 2076 (C:\Users\041AlikinOS\Documents\NetBeansProjects\monitoring\target\classes started by 041AlikinOS in C:\Users\041AlikinOS\Documents\NetBeansProjects\monitoring)
2024-07-31 14:33:43.267  INFO 2076 --- [restartedMain] r.g.s.a.m.MonitoringApplication          : No active profile set, falling back to 1 default profile: "default"
2024-07-31 14:33:43.337  INFO 2076 --- [restartedMain] .e.DevToolsPropertyDefaultsPostProcessor : Devtools property defaults active! Set 'spring.devtools.add-properties' to 'false' to disable
2024-07-31 14:33:43.337  INFO 2076 --- [restartedMain] .e.DevToolsPropertyDefaultsPostProcessor : For additional web related logging consider setting the 'logging.level.web' property to 'DEBUG'
2024-07-31 14:33:45.500  INFO 2076 --- [restartedMain] .s.d.r.c.RepositoryConfigurationDelegate : Bootstrapping Spring Data JPA repositories in DEFAULT mode.
2024-07-31 14:33:45.810  INFO 2076 --- [restartedMain] .s.d.r.c.RepositoryConfigurationDelegate : Finished Spring Data repository scanning in 301 ms. Found 38 JPA repository interfaces.
2024-07-31 14:33:46.237  INFO 2076 --- [restartedMain] o.s.cloud.context.scope.GenericScope     : BeanFactory id=27f4c2c0-1a60-3a39-a9ca-f6dd1659c9e2
2024-07-31 14:33:46.467  INFO 2076 --- [restartedMain] trationDelegate$BeanPostProcessorChecker : Bean 'org.opfr.starter.report.ReportUtilsAutoConfiguration' of type [org.opfr.starter.report.ReportUtilsAutoConfiguration] is not eligible for getting processed by all BeanPostProcessors (for example: not eligible for auto-proxying)
2024-07-31 14:33:47.200  INFO 2076 --- [restartedMain] o.s.b.w.embedded.tomcat.TomcatWebServer  : Tomcat initialized with port(s): 8080 (http)
2024-07-31 14:33:47.239  INFO 2076 --- [restartedMain] o.apache.catalina.core.StandardService   : Starting service [Tomcat]
2024-07-31 14:33:47.239  INFO 2076 --- [restartedMain] org.apache.catalina.core.StandardEngine  : Starting Servlet engine: [Apache Tomcat/9.0.71]
2024-07-31 14:33:47.346  INFO 2076 --- [restartedMain] o.a.c.c.C.[Tomcat].[localhost].[/]       : Initializing Spring embedded WebApplicationContext
2024-07-31 14:33:47.346  INFO 2076 --- [restartedMain] w.s.c.ServletWebServerApplicationContext : Root WebApplicationContext: initialization completed in 4009 ms
2024-07-31 14:33:47.440  WARN 2076 --- [restartedMain] JpaBaseConfiguration$JpaWebConfiguration : spring.jpa.open-in-view is enabled by default. Therefore, database queries may be performed during view rendering. Explicitly configure spring.jpa.open-in-view to disable this warning
2024-07-31 14:33:47.564  INFO 2076 --- [restartedMain] o.hibernate.jpa.internal.util.LogHelper  : HHH000204: Processing PersistenceUnitInfo [name: default]
2024-07-31 14:33:47.609  INFO 2076 --- [restartedMain] org.hibernate.Version                    : HHH000412: Hibernate ORM core version 5.6.14.Final
2024-07-31 14:33:47.751  INFO 2076 --- [restartedMain] o.hibernate.annotations.common.Version   : HCANN000001: Hibernate Commons Annotations {5.1.2.Final}
2024-07-31 14:33:47.897  INFO 2076 --- [restartedMain] com.zaxxer.hikari.HikariDataSource       : HikariPool-1 - Starting...
2024-07-31 14:33:48.201  INFO 2076 --- [restartedMain] com.zaxxer.hikari.HikariDataSource       : HikariPool-1 - Start completed.
2024-07-31 14:33:48.217  INFO 2076 --- [restartedMain] org.hibernate.dialect.Dialect            : HHH000400: Using dialect: org.hibernate.dialect.MySQL5InnoDBDialect
2024-07-31 14:33:48.576  WARN 2076 --- [restartedMain] org.hibernate.cfg.AnnotationBinder       : HHH000137: Root entity should not hold a PrimaryKeyJoinColum(s), will be ignored: ru.gov.sfr.aos.monitoring.entities.Location
2024-07-31 14:33:48.582  WARN 2076 --- [restartedMain] org.hibernate.cfg.AnnotationBinder       : HHH000137: Root entity should not hold a PrimaryKeyJoinColum(s), will be ignored: ru.gov.sfr.aos.monitoring.entities.NameFromOneC
2024-07-31 14:33:49.799  INFO 2076 --- [restartedMain] o.h.e.t.j.p.i.JtaPlatformInitiator       : HHH000490: Using JtaPlatform implementation: [org.hibernate.engine.transaction.jta.platform.internal.NoJtaPlatform]
2024-07-31 14:33:49.806  INFO 2076 --- [restartedMain] j.LocalContainerEntityManagerFactoryBean : Initialized JPA EntityManagerFactory for persistence unit 'default'
2024-07-31 14:33:51.536  WARN 2076 --- [restartedMain] o.s.s.c.a.web.builders.WebSecurity       : You are asking Spring Security to ignore Ant [pattern='/resources/**']. This is not recommended -- please use permitAll via HttpSecurity#authorizeHttpRequests instead.
2024-07-31 14:33:51.537  INFO 2076 --- [restartedMain] o.s.s.web.DefaultSecurityFilterChain     : Will not secure Ant [pattern='/resources/**']
2024-07-31 14:33:51.537  WARN 2076 --- [restartedMain] o.s.s.c.a.web.builders.WebSecurity       : You are asking Spring Security to ignore Ant [pattern='/actuator/**']. This is not recommended -- please use permitAll via HttpSecurity#authorizeHttpRequests instead.
2024-07-31 14:33:51.538  INFO 2076 --- [restartedMain] o.s.s.web.DefaultSecurityFilterChain     : Will not secure Ant [pattern='/actuator/**']
2024-07-31 14:33:51.538  WARN 2076 --- [restartedMain] o.s.s.c.a.web.builders.WebSecurity       : You are asking Spring Security to ignore Ant [pattern='/actuator/criteria']. This is not recommended -- please use permitAll via HttpSecurity#authorizeHttpRequests instead.
2024-07-31 14:33:51.538  INFO 2076 --- [restartedMain] o.s.s.web.DefaultSecurityFilterChain     : Will not secure Ant [pattern='/actuator/criteria']
2024-07-31 14:33:51.578  INFO 2076 --- [restartedMain] o.s.s.web.DefaultSecurityFilterChain     : Will secure any request with [org.springframework.security.web.session.DisableEncodeUrlFilter@23d114fe, org.springframework.security.web.context.request.async.WebAsyncManagerIntegrationFilter@3c5ea904, org.springframework.security.web.context.SecurityContextPersistenceFilter@5e96a022, org.springframework.security.web.header.HeaderWriterFilter@7bd45ff1, org.springframework.security.web.authentication.logout.LogoutFilter@dc32939, org.opfr.springbootstarterauthsso.security.SsoFilter@66968c3, org.springframework.security.web.savedrequest.RequestCacheAwareFilter@2b5e7103, org.springframework.security.web.servletapi.SecurityContextHolderAwareRequestFilter@1dcbfa07, org.springframework.security.web.authentication.AnonymousAuthenticationFilter@e752632, org.springframework.security.web.session.SessionManagementFilter@7f1a6182, org.springframework.security.web.access.ExceptionTranslationFilter@12477bf2, org.springframework.security.web.access.intercept.FilterSecurityInterceptor@111471ac]
2024-07-31 14:33:52.773  INFO 2076 --- [restartedMain] o.s.b.d.a.OptionalLiveReloadServer       : LiveReload server is running on port 35729
2024-07-31 14:33:52.793  INFO 2076 --- [restartedMain] o.s.c.openfeign.FeignClientFactoryBean   : For 'dictionary-service' URL not provided. Will try picking an instance via load-balancing.
2024-07-31 14:33:53.013  INFO 2076 --- [restartedMain] o.s.c.openfeign.FeignClientFactoryBean   : For 'dictionary-service' URL not provided. Will try picking an instance via load-balancing.
2024-07-31 14:33:53.547  INFO 2076 --- [restartedMain] DiscoveryClientOptionalArgsConfiguration : Eureka HTTP Client uses RestTemplate.
2024-07-31 14:33:53.609  WARN 2076 --- [restartedMain] iguration$LoadBalancerCaffeineWarnLogger : Spring Cloud LoadBalancer is currently working with the default cache. You can switch to using Caffeine cache, by adding it and org.springframework.cache.caffeine.CaffeineCacheManager to the classpath.
2024-07-31 14:33:53.694  INFO 2076 --- [restartedMain] o.s.b.w.embedded.tomcat.TomcatWebServer  : Tomcat started on port(s): 8080 (http) with context path ''
2024-07-31 14:33:53.736  INFO 2076 --- [restartedMain] r.g.s.a.m.MonitoringApplication          : Started MonitoringApplication in 11.264 seconds (JVM running for 12.146)
2024-07-31 14:35:53.666  INFO 2076 --- [http-nio-8080-exec-2] o.a.c.c.C.[Tomcat].[localhost].[/]       : Initializing Spring DispatcherServlet 'dispatcherServlet'
2024-07-31 14:35:53.666  INFO 2076 --- [http-nio-8080-exec-2] o.s.web.servlet.DispatcherServlet        : Initializing Servlet 'dispatcherServlet'
2024-07-31 14:35:53.666  INFO 2076 --- [http-nio-8080-exec-2] o.s.web.servlet.DispatcherServlet        : Completed initialization in 0 ms
2024-07-31 14:36:35.792  INFO 2076 --- [http-nio-8080-exec-3] o.o.s.security.SsoFilter                 : ----------------------------------------------------------
2024-07-31 14:36:35.792  INFO 2076 --- [http-nio-8080-exec-3] o.o.s.security.SsoFilter                 : Произведен вход с логином 041AlikinOS
2024-07-31 14:36:35.793  INFO 2076 --- [http-nio-8080-exec-3] o.o.s.security.SsoFilter                 : Подразделение: 041-000-4601
2024-07-31 14:36:35.794  INFO 2076 --- [http-nio-8080-exec-3] o.o.s.security.SsoFilter                 : Список ролей, доступных пользователю:
2024-07-31 14:36:35.794  INFO 2076 --- [http-nio-8080-exec-3] o.o.s.security.SsoFilter                 : ROLE_ADMIN
2024-07-31 14:36:35.794  INFO 2076 --- [http-nio-8080-exec-3] o.o.s.security.SsoFilter                 : ----------------------------------------------------------
2024-07-31 14:36:36.830  INFO 2076 --- [http-nio-8080-exec-1] r.g.s.a.m.c.ExceptionController          : Http status code >> 404
2024-07-31 14:36:36.830  INFO 2076 --- [http-nio-8080-exec-1] r.g.s.a.m.c.ExceptionController          : Exception >> null
2024-07-31 14:36:36.831  INFO 2076 --- [http-nio-8080-exec-1] r.g.s.a.m.c.ExceptionController          : exceptionType >> null
2024-07-31 14:36:36.831  INFO 2076 --- [http-nio-8080-exec-1] r.g.s.a.m.c.ExceptionController          : errorMessage >> 
2024-07-31 14:36:36.832  INFO 2076 --- [http-nio-8080-exec-1] r.g.s.a.m.c.ExceptionController          : requestUri >> /js/popper.min.js.map
2024-07-31 14:36:36.832  INFO 2076 --- [http-nio-8080-exec-1] r.g.s.a.m.c.ExceptionController          : servletName >> dispatcherServlet
2024-07-31 14:36:36.865  INFO 2076 --- [http-nio-8080-exec-1] r.g.s.a.m.c.ExceptionController          : Http status code >> 404
2024-07-31 14:36:36.865  INFO 2076 --- [http-nio-8080-exec-1] r.g.s.a.m.c.ExceptionController          : Exception >> null
2024-07-31 14:36:36.865  INFO 2076 --- [http-nio-8080-exec-1] r.g.s.a.m.c.ExceptionController          : exceptionType >> null
2024-07-31 14:36:36.866  INFO 2076 --- [http-nio-8080-exec-1] r.g.s.a.m.c.ExceptionController          : errorMessage >> 
2024-07-31 14:36:36.866  INFO 2076 --- [http-nio-8080-exec-1] r.g.s.a.m.c.ExceptionController          : requestUri >> /css/fonts/lineicons.woff2
2024-07-31 14:36:36.866  INFO 2076 --- [http-nio-8080-exec-1] r.g.s.a.m.c.ExceptionController          : servletName >> dispatcherServlet
2024-07-31 14:36:37.038  INFO 2076 --- [http-nio-8080-exec-8] r.g.s.a.m.c.ExceptionController          : Http status code >> 404
2024-07-31 14:36:37.038  INFO 2076 --- [http-nio-8080-exec-8] r.g.s.a.m.c.ExceptionController          : Exception >> null
2024-07-31 14:36:37.038  INFO 2076 --- [http-nio-8080-exec-8] r.g.s.a.m.c.ExceptionController          : exceptionType >> null
2024-07-31 14:36:37.038  INFO 2076 --- [http-nio-8080-exec-8] r.g.s.a.m.c.ExceptionController          : errorMessage >> 
2024-07-31 14:36:37.038  INFO 2076 --- [http-nio-8080-exec-8] r.g.s.a.m.c.ExceptionController          : requestUri >> /css/fonts/lineicons.woff
2024-07-31 14:36:37.038  INFO 2076 --- [http-nio-8080-exec-8] r.g.s.a.m.c.ExceptionController          : servletName >> dispatcherServlet
2024-07-31 14:36:37.065  INFO 2076 --- [http-nio-8080-exec-7] r.g.s.a.m.c.ExceptionController          : Http status code >> 404
2024-07-31 14:36:37.065  INFO 2076 --- [http-nio-8080-exec-7] r.g.s.a.m.c.ExceptionController          : Exception >> null
2024-07-31 14:36:37.065  INFO 2076 --- [http-nio-8080-exec-7] r.g.s.a.m.c.ExceptionController          : exceptionType >> null
2024-07-31 14:36:37.065  INFO 2076 --- [http-nio-8080-exec-7] r.g.s.a.m.c.ExceptionController          : errorMessage >> 
2024-07-31 14:36:37.065  INFO 2076 --- [http-nio-8080-exec-7] r.g.s.a.m.c.ExceptionController          : requestUri >> /css/fonts/lineicons.ttf
2024-07-31 14:36:37.066  INFO 2076 --- [http-nio-8080-exec-7] r.g.s.a.m.c.ExceptionController          : servletName >> dispatcherServlet
2024-07-31 14:36:47.001  INFO 2076 --- [http-nio-8080-exec-6] r.g.s.a.m.c.ExceptionController          : Http status code >> 404
2024-07-31 14:36:47.002  INFO 2076 --- [http-nio-8080-exec-6] r.g.s.a.m.c.ExceptionController          : Exception >> null
2024-07-31 14:36:47.002  INFO 2076 --- [http-nio-8080-exec-6] r.g.s.a.m.c.ExceptionController          : exceptionType >> null
2024-07-31 14:36:47.006  INFO 2076 --- [http-nio-8080-exec-6] r.g.s.a.m.c.ExceptionController          : errorMessage >> 
2024-07-31 14:36:47.006  INFO 2076 --- [http-nio-8080-exec-6] r.g.s.a.m.c.ExceptionController          : requestUri >> /js/popper.min.js.map
2024-07-31 14:36:47.006  INFO 2076 --- [http-nio-8080-exec-6] r.g.s.a.m.c.ExceptionController          : servletName >> dispatcherServlet
2024-07-31 14:37:36.252  INFO 2076 --- [http-nio-8080-exec-2] r.g.s.a.m.c.ExceptionController          : Http status code >> 404
2024-07-31 14:37:36.252  INFO 2076 --- [http-nio-8080-exec-2] r.g.s.a.m.c.ExceptionController          : Exception >> null
2024-07-31 14:37:36.252  INFO 2076 --- [http-nio-8080-exec-2] r.g.s.a.m.c.ExceptionController          : exceptionType >> null
2024-07-31 14:37:36.252  INFO 2076 --- [http-nio-8080-exec-2] r.g.s.a.m.c.ExceptionController          : errorMessage >> 
2024-07-31 14:37:36.253  INFO 2076 --- [http-nio-8080-exec-2] r.g.s.a.m.c.ExceptionController          : requestUri >> /js/popper.min.js.map
2024-07-31 14:37:36.253  INFO 2076 --- [http-nio-8080-exec-2] r.g.s.a.m.c.ExceptionController          : servletName >> dispatcherServlet
2024-07-31 14:44:10.477  INFO 2076 --- [http-nio-8080-exec-5] r.g.s.a.m.c.ExceptionController          : Http status code >> 404
2024-07-31 14:44:10.477  INFO 2076 --- [http-nio-8080-exec-5] r.g.s.a.m.c.ExceptionController          : Exception >> null
2024-07-31 14:44:10.477  INFO 2076 --- [http-nio-8080-exec-5] r.g.s.a.m.c.ExceptionController          : exceptionType >> null
2024-07-31 14:44:10.477  INFO 2076 --- [http-nio-8080-exec-5] r.g.s.a.m.c.ExceptionController          : errorMessage >> 
2024-07-31 14:44:10.477  INFO 2076 --- [http-nio-8080-exec-5] r.g.s.a.m.c.ExceptionController          : requestUri >> /js/popper.min.js.map
2024-07-31 14:44:10.478  INFO 2076 --- [http-nio-8080-exec-5] r.g.s.a.m.c.ExceptionController          : servletName >> dispatcherServlet
2024-07-31 14:51:54.587  INFO 2076 --- [http-nio-8080-exec-2] r.g.s.a.m.c.ExceptionController          : Http status code >> 404
2024-07-31 14:51:54.588  INFO 2076 --- [http-nio-8080-exec-2] r.g.s.a.m.c.ExceptionController          : Exception >> null
2024-07-31 14:51:54.588  INFO 2076 --- [http-nio-8080-exec-2] r.g.s.a.m.c.ExceptionController          : exceptionType >> null
2024-07-31 14:51:54.588  INFO 2076 --- [http-nio-8080-exec-2] r.g.s.a.m.c.ExceptionController          : errorMessage >> 
2024-07-31 14:51:54.588  INFO 2076 --- [http-nio-8080-exec-2] r.g.s.a.m.c.ExceptionController          : requestUri >> /js/popper.min.js.map
2024-07-31 14:51:54.588  INFO 2076 --- [http-nio-8080-exec-2] r.g.s.a.m.c.ExceptionController          : servletName >> dispatcherServlet
2024-07-31 15:10:15.074  INFO 2076 --- [http-nio-8080-exec-2] r.g.s.a.m.c.ExceptionController          : Http status code >> 404
2024-07-31 15:10:15.074  INFO 2076 --- [http-nio-8080-exec-2] r.g.s.a.m.c.ExceptionController          : Exception >> null
2024-07-31 15:10:15.074  INFO 2076 --- [http-nio-8080-exec-2] r.g.s.a.m.c.ExceptionController          : exceptionType >> null
2024-07-31 15:10:15.074  INFO 2076 --- [http-nio-8080-exec-2] r.g.s.a.m.c.ExceptionController          : errorMessage >> 
2024-07-31 15:10:15.074  INFO 2076 --- [http-nio-8080-exec-2] r.g.s.a.m.c.ExceptionController          : requestUri >> /js/popper.min.js.map
2024-07-31 15:10:15.074  INFO 2076 --- [http-nio-8080-exec-2] r.g.s.a.m.c.ExceptionController          : servletName >> dispatcherServlet
2024-07-31 15:12:23.473  INFO 2076 --- [http-nio-8080-exec-3] r.g.s.a.m.c.ExceptionController          : Http status code >> 404
2024-07-31 15:12:23.474  INFO 2076 --- [http-nio-8080-exec-3] r.g.s.a.m.c.ExceptionController          : Exception >> null
2024-07-31 15:12:23.474  INFO 2076 --- [http-nio-8080-exec-3] r.g.s.a.m.c.ExceptionController          : exceptionType >> null
2024-07-31 15:12:23.474  INFO 2076 --- [http-nio-8080-exec-3] r.g.s.a.m.c.ExceptionController          : errorMessage >> 
2024-07-31 15:12:23.475  INFO 2076 --- [http-nio-8080-exec-3] r.g.s.a.m.c.ExceptionController          : requestUri >> /css/fonts/lineicons.woff2
2024-07-31 15:12:23.475  INFO 2076 --- [http-nio-8080-exec-3] r.g.s.a.m.c.ExceptionController          : servletName >> dispatcherServlet
2024-07-31 15:12:23.540  INFO 2076 --- [http-nio-8080-exec-8] r.g.s.a.m.c.ExceptionController          : Http status code >> 404
2024-07-31 15:12:23.540  INFO 2076 --- [http-nio-8080-exec-8] r.g.s.a.m.c.ExceptionController          : Exception >> null
2024-07-31 15:12:23.540  INFO 2076 --- [http-nio-8080-exec-8] r.g.s.a.m.c.ExceptionController          : exceptionType >> null
2024-07-31 15:12:23.540  INFO 2076 --- [http-nio-8080-exec-8] r.g.s.a.m.c.ExceptionController          : errorMessage >> 
2024-07-31 15:12:23.540  INFO 2076 --- [http-nio-8080-exec-8] r.g.s.a.m.c.ExceptionController          : requestUri >> /js/popper.min.js.map
2024-07-31 15:12:23.540  INFO 2076 --- [http-nio-8080-exec-8] r.g.s.a.m.c.ExceptionController          : servletName >> dispatcherServlet
2024-07-31 15:12:23.611  INFO 2076 --- [http-nio-8080-exec-5] r.g.s.a.m.c.ExceptionController          : Http status code >> 404
2024-07-31 15:12:23.611  INFO 2076 --- [http-nio-8080-exec-5] r.g.s.a.m.c.ExceptionController          : Exception >> null
2024-07-31 15:12:23.611  INFO 2076 --- [http-nio-8080-exec-5] r.g.s.a.m.c.ExceptionController          : exceptionType >> null
2024-07-31 15:12:23.611  INFO 2076 --- [http-nio-8080-exec-5] r.g.s.a.m.c.ExceptionController          : errorMessage >> 
2024-07-31 15:12:23.611  INFO 2076 --- [http-nio-8080-exec-5] r.g.s.a.m.c.ExceptionController          : requestUri >> /css/fonts/lineicons.woff
2024-07-31 15:12:23.611  INFO 2076 --- [http-nio-8080-exec-5] r.g.s.a.m.c.ExceptionController          : servletName >> dispatcherServlet
2024-07-31 15:12:23.614  INFO 2076 --- [http-nio-8080-exec-4] r.g.s.a.m.c.ExceptionController          : Http status code >> 404
2024-07-31 15:12:23.614  INFO 2076 --- [http-nio-8080-exec-4] r.g.s.a.m.c.ExceptionController          : Exception >> null
2024-07-31 15:12:23.614  INFO 2076 --- [http-nio-8080-exec-4] r.g.s.a.m.c.ExceptionController          : exceptionType >> null
2024-07-31 15:12:23.614  INFO 2076 --- [http-nio-8080-exec-4] r.g.s.a.m.c.ExceptionController          : errorMessage >> 
2024-07-31 15:12:23.614  INFO 2076 --- [http-nio-8080-exec-4] r.g.s.a.m.c.ExceptionController          : requestUri >> /css/fonts/lineicons.ttf
2024-07-31 15:12:23.614  INFO 2076 --- [http-nio-8080-exec-4] r.g.s.a.m.c.ExceptionController          : servletName >> dispatcherServlet
2024-07-31 15:12:47.767  INFO 2076 --- [http-nio-8080-exec-2] r.g.s.a.m.c.ExceptionController          : Http status code >> 404
2024-07-31 15:12:47.768  INFO 2076 --- [http-nio-8080-exec-2] r.g.s.a.m.c.ExceptionController          : Exception >> null
2024-07-31 15:12:47.768  INFO 2076 --- [http-nio-8080-exec-2] r.g.s.a.m.c.ExceptionController          : exceptionType >> null
2024-07-31 15:12:47.768  INFO 2076 --- [http-nio-8080-exec-2] r.g.s.a.m.c.ExceptionController          : errorMessage >> 
2024-07-31 15:12:47.768  INFO 2076 --- [http-nio-8080-exec-2] r.g.s.a.m.c.ExceptionController          : requestUri >> /js/popper.min.js.map
2024-07-31 15:12:47.768  INFO 2076 --- [http-nio-8080-exec-2] r.g.s.a.m.c.ExceptionController          : servletName >> dispatcherServlet
2024-07-31 15:13:31.023  INFO 2076 --- [http-nio-8080-exec-6] r.g.s.a.m.c.ExceptionController          : Http status code >> 404
2024-07-31 15:13:31.024  INFO 2076 --- [http-nio-8080-exec-6] r.g.s.a.m.c.ExceptionController          : Exception >> null
2024-07-31 15:13:31.026  INFO 2076 --- [http-nio-8080-exec-6] r.g.s.a.m.c.ExceptionController          : exceptionType >> null
2024-07-31 15:13:31.028  INFO 2076 --- [http-nio-8080-exec-6] r.g.s.a.m.c.ExceptionController          : errorMessage >> 
2024-07-31 15:13:31.028  INFO 2076 --- [http-nio-8080-exec-6] r.g.s.a.m.c.ExceptionController          : requestUri >> /js/popper.min.js.map
2024-07-31 15:13:31.028  INFO 2076 --- [http-nio-8080-exec-6] r.g.s.a.m.c.ExceptionController          : servletName >> dispatcherServlet
