2025-01-14 07:57:57.209  INFO 7280 --- [restartedMain] r.g.s.a.m.MonitoringApplication          : Starting MonitoringApplication using Java 11.0.2 on WS04100008018 with PID 7280 (C:\Users\041AlikinOS\Documents\NetBeansProjects\monitoring\target\classes started by 041AlikinOS in C:\Users\041AlikinOS\Documents\NetBeansProjects\monitoring)
2025-01-14 07:57:57.261  INFO 7280 --- [restartedMain] r.g.s.a.m.MonitoringApplication          : No active profile set, falling back to 1 default profile: "default"
2025-01-14 07:57:57.393  INFO 7280 --- [restartedMain] .e.DevToolsPropertyDefaultsPostProcessor : Devtools property defaults active! Set 'spring.devtools.add-properties' to 'false' to disable
2025-01-14 07:57:57.393  INFO 7280 --- [restartedMain] .e.DevToolsPropertyDefaultsPostProcessor : For additional web related logging consider setting the 'logging.level.web' property to 'DEBUG'
2025-01-14 07:58:08.163  INFO 7280 --- [restartedMain] .s.d.r.c.RepositoryConfigurationDelegate : Bootstrapping Spring Data JPA repositories in DEFAULT mode.
2025-01-14 07:58:08.689  INFO 7280 --- [restartedMain] .s.d.r.c.RepositoryConfigurationDelegate : Finished Spring Data repository scanning in 507 ms. Found 66 JPA repository interfaces.
2025-01-14 07:58:09.123  INFO 7280 --- [restartedMain] o.s.cloud.context.scope.GenericScope     : BeanFactory id=0d3c9458-004c-3f29-b6a6-d5ec1d2f75f3
2025-01-14 07:58:10.294  INFO 7280 --- [restartedMain] o.s.b.w.embedded.tomcat.TomcatWebServer  : Tomcat initialized with port(s): 8080 (http)
2025-01-14 07:58:10.383  INFO 7280 --- [restartedMain] o.apache.catalina.core.StandardService   : Starting service [Tomcat]
2025-01-14 07:58:10.383  INFO 7280 --- [restartedMain] org.apache.catalina.core.StandardEngine  : Starting Servlet engine: [Apache Tomcat/9.0.71]
2025-01-14 07:58:10.535  INFO 7280 --- [restartedMain] o.a.c.c.C.[Tomcat].[localhost].[/]       : Initializing Spring embedded WebApplicationContext
2025-01-14 07:58:10.535  INFO 7280 --- [restartedMain] w.s.c.ServletWebServerApplicationContext : Root WebApplicationContext: initialization completed in 13132 ms
2025-01-14 07:58:10.676  WARN 7280 --- [restartedMain] JpaBaseConfiguration$JpaWebConfiguration : spring.jpa.open-in-view is enabled by default. Therefore, database queries may be performed during view rendering. Explicitly configure spring.jpa.open-in-view to disable this warning
2025-01-14 07:58:11.068  INFO 7280 --- [restartedMain] o.hibernate.jpa.internal.util.LogHelper  : HHH000204: Processing PersistenceUnitInfo [name: default]
2025-01-14 07:58:11.209  INFO 7280 --- [restartedMain] org.hibernate.Version                    : HHH000412: Hibernate ORM core version 5.6.14.Final
2025-01-14 07:58:11.713  INFO 7280 --- [restartedMain] o.hibernate.annotations.common.Version   : HCANN000001: Hibernate Commons Annotations {5.1.2.Final}
2025-01-14 07:58:12.051  INFO 7280 --- [restartedMain] com.zaxxer.hikari.HikariDataSource       : HikariPool-1 - Starting...
2025-01-14 07:58:12.608  INFO 7280 --- [restartedMain] com.zaxxer.hikari.HikariDataSource       : HikariPool-1 - Start completed.
2025-01-14 07:58:12.684  INFO 7280 --- [restartedMain] org.hibernate.dialect.Dialect            : HHH000400: Using dialect: org.hibernate.dialect.MySQL5InnoDBDialect
2025-01-14 07:58:13.050  WARN 7280 --- [restartedMain] org.hibernate.cfg.AnnotationBinder       : HHH000137: Root entity should not hold a PrimaryKeyJoinColum(s), will be ignored: ru.gov.sfr.aos.monitoring.entities.Location
2025-01-14 07:58:13.057  WARN 7280 --- [restartedMain] org.hibernate.cfg.AnnotationBinder       : HHH000137: Root entity should not hold a PrimaryKeyJoinColum(s), will be ignored: ru.gov.sfr.aos.monitoring.entities.NameFromOneC
2025-01-14 07:58:13.066  WARN 7280 --- [restartedMain] org.hibernate.cfg.AnnotationBinder       : HHH000137: Root entity should not hold a PrimaryKeyJoinColum(s), will be ignored: ru.gov.sfr.aos.monitoring.entities.Repair
2025-01-14 07:58:13.095  WARN 7280 --- [restartedMain] org.hibernate.cfg.AnnotationBinder       : HHH000137: Root entity should not hold a PrimaryKeyJoinColum(s), will be ignored: ru.gov.sfr.aos.monitoring.entities.Transfer
2025-01-14 07:58:17.937  INFO 7280 --- [restartedMain] o.h.e.t.j.p.i.JtaPlatformInitiator       : HHH000490: Using JtaPlatform implementation: [org.hibernate.engine.transaction.jta.platform.internal.NoJtaPlatform]
2025-01-14 07:58:17.976  INFO 7280 --- [restartedMain] j.LocalContainerEntityManagerFactoryBean : Initialized JPA EntityManagerFactory for persistence unit 'default'
2025-01-14 07:58:22.855  WARN 7280 --- [restartedMain] o.s.s.c.a.web.builders.WebSecurity       : You are asking Spring Security to ignore Ant [pattern='/resources/**']. This is not recommended -- please use permitAll via HttpSecurity#authorizeHttpRequests instead.
2025-01-14 07:58:22.856  INFO 7280 --- [restartedMain] o.s.s.web.DefaultSecurityFilterChain     : Will not secure Ant [pattern='/resources/**']
2025-01-14 07:58:22.857  WARN 7280 --- [restartedMain] o.s.s.c.a.web.builders.WebSecurity       : You are asking Spring Security to ignore Ant [pattern='/actuator/**']. This is not recommended -- please use permitAll via HttpSecurity#authorizeHttpRequests instead.
2025-01-14 07:58:22.857  INFO 7280 --- [restartedMain] o.s.s.web.DefaultSecurityFilterChain     : Will not secure Ant [pattern='/actuator/**']
2025-01-14 07:58:22.857  WARN 7280 --- [restartedMain] o.s.s.c.a.web.builders.WebSecurity       : You are asking Spring Security to ignore Ant [pattern='/actuator/criteria']. This is not recommended -- please use permitAll via HttpSecurity#authorizeHttpRequests instead.
2025-01-14 07:58:22.857  INFO 7280 --- [restartedMain] o.s.s.web.DefaultSecurityFilterChain     : Will not secure Ant [pattern='/actuator/criteria']
2025-01-14 07:58:22.952  INFO 7280 --- [restartedMain] o.s.s.web.DefaultSecurityFilterChain     : Will secure any request with [org.springframework.security.web.session.DisableEncodeUrlFilter@401fba49, org.springframework.security.web.context.request.async.WebAsyncManagerIntegrationFilter@6d440f0b, org.springframework.security.web.context.SecurityContextPersistenceFilter@54b512ea, org.springframework.security.web.header.HeaderWriterFilter@2a725a41, org.springframework.security.web.authentication.logout.LogoutFilter@50fabe89, org.opfr.springbootstarterauthsso.security.SsoFilter@7187dd53, org.springframework.security.web.savedrequest.RequestCacheAwareFilter@66e4a6b, org.springframework.security.web.servletapi.SecurityContextHolderAwareRequestFilter@525f4f56, org.springframework.security.web.authentication.AnonymousAuthenticationFilter@1bff18d4, org.springframework.security.web.session.SessionManagementFilter@67c6c883, org.springframework.security.web.access.ExceptionTranslationFilter@54db65a2, org.springframework.security.web.access.intercept.FilterSecurityInterceptor@74f047b0]
2025-01-14 07:58:24.245  INFO 7280 --- [restartedMain] o.s.b.d.a.OptionalLiveReloadServer       : LiveReload server is running on port 35729
2025-01-14 07:58:24.279  INFO 7280 --- [restartedMain] o.s.c.openfeign.FeignClientFactoryBean   : For 'dictionary-service' URL not provided. Will try picking an instance via load-balancing.
2025-01-14 07:58:29.228  INFO 7280 --- [restartedMain] o.s.c.openfeign.FeignClientFactoryBean   : For 'dictionary-service' URL not provided. Will try picking an instance via load-balancing.
2025-01-14 07:58:44.895  INFO 7280 --- [restartedMain] DiscoveryClientOptionalArgsConfiguration : Eureka HTTP Client uses RestTemplate.
2025-01-14 07:58:45.296  WARN 7280 --- [restartedMain] iguration$LoadBalancerCaffeineWarnLogger : Spring Cloud LoadBalancer is currently working with the default cache. You can switch to using Caffeine cache, by adding it and org.springframework.cache.caffeine.CaffeineCacheManager to the classpath.
2025-01-14 07:58:45.481  INFO 7280 --- [restartedMain] o.s.b.w.embedded.tomcat.TomcatWebServer  : Tomcat started on port(s): 8080 (http) with context path ''
2025-01-14 07:58:45.509  INFO 7280 --- [restartedMain] r.g.s.a.m.MonitoringApplication          : Started MonitoringApplication in 48.853 seconds (JVM running for 49.96)
2025-01-14 08:00:01.113  INFO 7280 --- [http-nio-8080-exec-1] o.a.c.c.C.[Tomcat].[localhost].[/]       : Initializing Spring DispatcherServlet 'dispatcherServlet'
2025-01-14 08:00:01.114  INFO 7280 --- [http-nio-8080-exec-1] o.s.web.servlet.DispatcherServlet        : Initializing Servlet 'dispatcherServlet'
2025-01-14 08:00:01.116  INFO 7280 --- [http-nio-8080-exec-1] o.s.web.servlet.DispatcherServlet        : Completed initialization in 2 ms
2025-01-14 08:00:23.608  INFO 7280 --- [http-nio-8080-exec-4] o.o.s.security.SsoFilter                 : ----------------------------------------------------------
2025-01-14 08:00:23.608  INFO 7280 --- [http-nio-8080-exec-4] o.o.s.security.SsoFilter                 : Произведен вход с логином 041AlikinOS
2025-01-14 08:00:23.609  INFO 7280 --- [http-nio-8080-exec-4] o.o.s.security.SsoFilter                 : Подразделение: 041-000-4601
2025-01-14 08:00:23.609  INFO 7280 --- [http-nio-8080-exec-4] o.o.s.security.SsoFilter                 : Список ролей, доступных пользователю:
2025-01-14 08:00:23.610  INFO 7280 --- [http-nio-8080-exec-4] o.o.s.security.SsoFilter                 : ROLE_ADMIN
2025-01-14 08:00:23.610  INFO 7280 --- [http-nio-8080-exec-4] o.o.s.security.SsoFilter                 : ----------------------------------------------------------
2025-01-14 08:00:23.732  INFO 7280 --- [http-nio-8080-exec-4] r.g.s.a.m.a.ApplicationLogingAspect      : 041AlikinOS запросил String ru.gov.sfr.aos.monitoring.controllers.SvtViewController.getModelPhones(Model)
2025-01-14 08:02:58.722  INFO 7280 --- [http-nio-8080-exec-2] r.g.s.a.m.a.ApplicationLogingAspect      : 041AlikinOS запросил String ru.gov.sfr.aos.monitoring.controllers.SvtViewController.getPhones(Model,String,String,FilterDto)
2025-01-14 08:03:03.381  INFO 7280 --- [http-nio-8080-exec-7] r.g.s.a.m.a.ApplicationLogingAspect      : 041AlikinOS запросил List ru.gov.sfr.aos.monitoring.controllers.GetInfoController.getCurrentLocations()
2025-01-14 08:03:03.559  INFO 7280 --- [http-nio-8080-exec-6] r.g.s.a.m.a.ApplicationLogingAspect      : 041AlikinOS запросил List ru.gov.sfr.aos.monitoring.controllers.GetInfoController.getModelPhones()
2025-01-14 08:03:18.019  INFO 7280 --- [http-nio-8080-exec-10] r.g.s.a.m.a.ApplicationLogingAspect      : 041AlikinOS запросил String ru.gov.sfr.aos.monitoring.controllers.SvtViewController.getPhones(Model,String,String,FilterDto)
2025-01-14 08:03:18.789  INFO 7280 --- [http-nio-8080-exec-8] r.g.s.a.m.a.ApplicationLogingAspect      : 041AlikinOS запросил List ru.gov.sfr.aos.monitoring.controllers.GetInfoController.getCurrentLocations()
2025-01-14 08:03:18.966  INFO 7280 --- [http-nio-8080-exec-5] r.g.s.a.m.a.ApplicationLogingAspect      : 041AlikinOS запросил List ru.gov.sfr.aos.monitoring.controllers.GetInfoController.getModelPhones()
2025-01-14 08:03:20.844  INFO 7280 --- [http-nio-8080-exec-7] r.g.s.a.m.a.ApplicationLogingAspect      : 041AlikinOS запросил SvtDTO ru.gov.sfr.aos.monitoring.controllers.GetInfoController.getPhoneById(Long)
2025-01-14 08:03:20.873  INFO 7280 --- [http-nio-8080-exec-2] r.g.s.a.m.a.ApplicationLogingAspect      : 041AlikinOS запросил List ru.gov.sfr.aos.monitoring.controllers.GetInfoController.getLocByPlaceType(String)
2025-01-14 08:03:20.919  INFO 7280 --- [http-nio-8080-exec-4] r.g.s.a.m.a.ApplicationLogingAspect      : 041AlikinOS запросил List ru.gov.sfr.aos.monitoring.controllers.GetInfoController.getDepsByLocAndPlaceType(String,Long)
2025-01-14 08:03:21.008  INFO 7280 --- [http-nio-8080-exec-3] r.g.s.a.m.a.ApplicationLogingAspect      : 041AlikinOS запросил List ru.gov.sfr.aos.monitoring.controllers.GetInfoController.getplacesByLocationAndDepartments(Long,String)
2025-01-14 08:03:21.061  INFO 7280 --- [http-nio-8080-exec-6] r.g.s.a.m.a.ApplicationLogingAspect      : 041AlikinOS запросил List ru.gov.sfr.aos.monitoring.controllers.GetInfoController.getModelPhones()
2025-01-14 08:03:21.086  INFO 7280 --- [http-nio-8080-exec-9] r.g.s.a.m.a.ApplicationLogingAspect      : 041AlikinOS запросил PlaceDTO ru.gov.sfr.aos.monitoring.controllers.GetInfoController.getStorageByPlace(Long)
2025-01-14 08:03:30.800  INFO 7280 --- [http-nio-8080-exec-4] r.g.s.a.m.a.ApplicationLogingAspect      : Отредактирована запись:SvtDTO{id=7118, modelId=3, model=не указано Opencape Desk Phone IP 35G Eco, status=OK, inventaryNumber=ПФ1101344660, serialNumber=001AE87655E2, yearCreated=2016, dateExploitationBegin=null, placeId=2103, placeName=null, placeType=null, departmentCode=null, locationId=null, phoneNumber=7085, nameFromOneC=null, typeDto=null, baseType=null, batteryType=null, batteryTypeId=null, batteryAmount=0, yearReplacement=0, numberRoom=null}. User: 041AlikinOS
2025-01-14 08:13:33.727  WARN 7280 --- [http-nio-8080-exec-4] .w.s.m.a.ResponseStatusExceptionResolver : Resolved [ru.gov.sfr.aos.monitoring.exceptions.ObjectAlreadyExists: Телефон с таким серийным номером уже есть в базе данных]
2025-01-14 08:13:33.747  INFO 7280 --- [http-nio-8080-exec-4] r.g.s.a.m.a.ApplicationLogingAspect      : Отредактирована запись:SecurityContextHolderAwareRequestWrapper[ org.springframework.security.web.context.HttpSessionSecurityContextRepository$SaveToSessionRequestWrapper@2ddcf499]. User: 041AlikinOS
2025-01-14 08:13:33.751  INFO 7280 --- [http-nio-8080-exec-4] r.g.s.a.m.c.ExceptionController          : Http status code >> 409
2025-01-14 08:13:33.752  INFO 7280 --- [http-nio-8080-exec-4] r.g.s.a.m.c.ExceptionController          : Exception >> null
2025-01-14 08:13:33.753  INFO 7280 --- [http-nio-8080-exec-4] r.g.s.a.m.c.ExceptionController          : exceptionType >> null
2025-01-14 08:13:33.753  INFO 7280 --- [http-nio-8080-exec-4] r.g.s.a.m.c.ExceptionController          : errorMessage >> 
2025-01-14 08:13:33.753  INFO 7280 --- [http-nio-8080-exec-4] r.g.s.a.m.c.ExceptionController          : requestUri >> /updphone
2025-01-14 08:13:33.754  INFO 7280 --- [http-nio-8080-exec-4] r.g.s.a.m.c.ExceptionController          : servletName >> dispatcherServlet
2025-01-14 08:35:07.636  INFO 5376 --- [restartedMain] r.g.s.a.m.MonitoringApplication          : Starting MonitoringApplication using Java 11.0.2 on WS04100008018 with PID 5376 (C:\Users\041AlikinOS\Documents\NetBeansProjects\monitoring\target\classes started by 041AlikinOS in C:\Users\041AlikinOS\Documents\NetBeansProjects\monitoring)
2025-01-14 08:35:07.637  INFO 5376 --- [restartedMain] r.g.s.a.m.MonitoringApplication          : No active profile set, falling back to 1 default profile: "default"
2025-01-14 08:35:07.727  INFO 5376 --- [restartedMain] .e.DevToolsPropertyDefaultsPostProcessor : Devtools property defaults active! Set 'spring.devtools.add-properties' to 'false' to disable
2025-01-14 08:35:07.727  INFO 5376 --- [restartedMain] .e.DevToolsPropertyDefaultsPostProcessor : For additional web related logging consider setting the 'logging.level.web' property to 'DEBUG'
2025-01-14 08:35:12.044  INFO 5376 --- [restartedMain] .s.d.r.c.RepositoryConfigurationDelegate : Bootstrapping Spring Data JPA repositories in DEFAULT mode.
2025-01-14 08:35:12.651  INFO 5376 --- [restartedMain] .s.d.r.c.RepositoryConfigurationDelegate : Finished Spring Data repository scanning in 609 ms. Found 66 JPA repository interfaces.
2025-01-14 08:35:13.112  INFO 5376 --- [restartedMain] o.s.cloud.context.scope.GenericScope     : BeanFactory id=0d3c9458-004c-3f29-b6a6-d5ec1d2f75f3
2025-01-14 08:35:15.704  INFO 5376 --- [restartedMain] o.s.b.w.embedded.tomcat.TomcatWebServer  : Tomcat initialized with port(s): 8080 (http)
2025-01-14 08:35:15.812  INFO 5376 --- [restartedMain] o.apache.catalina.core.StandardService   : Starting service [Tomcat]
2025-01-14 08:35:15.812  INFO 5376 --- [restartedMain] org.apache.catalina.core.StandardEngine  : Starting Servlet engine: [Apache Tomcat/9.0.71]
2025-01-14 08:35:16.073  INFO 5376 --- [restartedMain] o.a.c.c.C.[Tomcat].[localhost].[/]       : Initializing Spring embedded WebApplicationContext
2025-01-14 08:35:16.075  INFO 5376 --- [restartedMain] w.s.c.ServletWebServerApplicationContext : Root WebApplicationContext: initialization completed in 8347 ms
2025-01-14 08:35:16.223  WARN 5376 --- [restartedMain] JpaBaseConfiguration$JpaWebConfiguration : spring.jpa.open-in-view is enabled by default. Therefore, database queries may be performed during view rendering. Explicitly configure spring.jpa.open-in-view to disable this warning
2025-01-14 08:35:16.478  INFO 5376 --- [restartedMain] o.hibernate.jpa.internal.util.LogHelper  : HHH000204: Processing PersistenceUnitInfo [name: default]
2025-01-14 08:35:16.591  INFO 5376 --- [restartedMain] org.hibernate.Version                    : HHH000412: Hibernate ORM core version 5.6.14.Final
2025-01-14 08:35:16.827  INFO 5376 --- [restartedMain] o.hibernate.annotations.common.Version   : HCANN000001: Hibernate Commons Annotations {5.1.2.Final}
2025-01-14 08:35:16.963  INFO 5376 --- [restartedMain] com.zaxxer.hikari.HikariDataSource       : HikariPool-1 - Starting...
2025-01-14 08:35:17.529  INFO 5376 --- [restartedMain] com.zaxxer.hikari.HikariDataSource       : HikariPool-1 - Start completed.
2025-01-14 08:35:17.599  INFO 5376 --- [restartedMain] org.hibernate.dialect.Dialect            : HHH000400: Using dialect: org.hibernate.dialect.MySQL5InnoDBDialect
2025-01-14 08:35:17.975  WARN 5376 --- [restartedMain] org.hibernate.cfg.AnnotationBinder       : HHH000137: Root entity should not hold a PrimaryKeyJoinColum(s), will be ignored: ru.gov.sfr.aos.monitoring.entities.Location
2025-01-14 08:35:18.000  WARN 5376 --- [restartedMain] org.hibernate.cfg.AnnotationBinder       : HHH000137: Root entity should not hold a PrimaryKeyJoinColum(s), will be ignored: ru.gov.sfr.aos.monitoring.entities.NameFromOneC
2025-01-14 08:35:18.000  WARN 5376 --- [restartedMain] org.hibernate.cfg.AnnotationBinder       : HHH000137: Root entity should not hold a PrimaryKeyJoinColum(s), will be ignored: ru.gov.sfr.aos.monitoring.entities.Repair
2025-01-14 08:35:18.023  WARN 5376 --- [restartedMain] org.hibernate.cfg.AnnotationBinder       : HHH000137: Root entity should not hold a PrimaryKeyJoinColum(s), will be ignored: ru.gov.sfr.aos.monitoring.entities.Transfer
2025-01-14 08:35:20.446  INFO 5376 --- [restartedMain] o.h.e.t.j.p.i.JtaPlatformInitiator       : HHH000490: Using JtaPlatform implementation: [org.hibernate.engine.transaction.jta.platform.internal.NoJtaPlatform]
2025-01-14 08:35:20.476  INFO 5376 --- [restartedMain] j.LocalContainerEntityManagerFactoryBean : Initialized JPA EntityManagerFactory for persistence unit 'default'
2025-01-14 08:35:25.185  WARN 5376 --- [restartedMain] o.s.s.c.a.web.builders.WebSecurity       : You are asking Spring Security to ignore Ant [pattern='/resources/**']. This is not recommended -- please use permitAll via HttpSecurity#authorizeHttpRequests instead.
2025-01-14 08:35:25.185  INFO 5376 --- [restartedMain] o.s.s.web.DefaultSecurityFilterChain     : Will not secure Ant [pattern='/resources/**']
2025-01-14 08:35:25.186  WARN 5376 --- [restartedMain] o.s.s.c.a.web.builders.WebSecurity       : You are asking Spring Security to ignore Ant [pattern='/actuator/**']. This is not recommended -- please use permitAll via HttpSecurity#authorizeHttpRequests instead.
2025-01-14 08:35:25.186  INFO 5376 --- [restartedMain] o.s.s.web.DefaultSecurityFilterChain     : Will not secure Ant [pattern='/actuator/**']
2025-01-14 08:35:25.186  WARN 5376 --- [restartedMain] o.s.s.c.a.web.builders.WebSecurity       : You are asking Spring Security to ignore Ant [pattern='/actuator/criteria']. This is not recommended -- please use permitAll via HttpSecurity#authorizeHttpRequests instead.
2025-01-14 08:35:25.186  INFO 5376 --- [restartedMain] o.s.s.web.DefaultSecurityFilterChain     : Will not secure Ant [pattern='/actuator/criteria']
2025-01-14 08:35:25.229  INFO 5376 --- [restartedMain] o.s.s.web.DefaultSecurityFilterChain     : Will secure any request with [org.springframework.security.web.session.DisableEncodeUrlFilter@11053440, org.springframework.security.web.context.request.async.WebAsyncManagerIntegrationFilter@3bc6af00, org.springframework.security.web.context.SecurityContextPersistenceFilter@3025bf3, org.springframework.security.web.header.HeaderWriterFilter@4eb54080, org.springframework.security.web.authentication.logout.LogoutFilter@3fd8671d, org.opfr.springbootstarterauthsso.security.SsoFilter@438cd7a, org.springframework.security.web.savedrequest.RequestCacheAwareFilter@4a71f61e, org.springframework.security.web.servletapi.SecurityContextHolderAwareRequestFilter@5e12bfd7, org.springframework.security.web.authentication.AnonymousAuthenticationFilter@3f2a0001, org.springframework.security.web.session.SessionManagementFilter@58c78a41, org.springframework.security.web.access.ExceptionTranslationFilter@71389fc3, org.springframework.security.web.access.intercept.FilterSecurityInterceptor@4c291829]
2025-01-14 08:35:25.894  INFO 5376 --- [restartedMain] o.s.b.d.a.OptionalLiveReloadServer       : LiveReload server is running on port 35729
2025-01-14 08:35:26.213  INFO 5376 --- [restartedMain] o.s.c.openfeign.FeignClientFactoryBean   : For 'dictionary-service' URL not provided. Will try picking an instance via load-balancing.
2025-01-14 08:35:26.452  INFO 5376 --- [restartedMain] o.s.c.openfeign.FeignClientFactoryBean   : For 'dictionary-service' URL not provided. Will try picking an instance via load-balancing.
2025-01-14 08:35:27.081  INFO 5376 --- [restartedMain] DiscoveryClientOptionalArgsConfiguration : Eureka HTTP Client uses RestTemplate.
2025-01-14 08:35:27.151  WARN 5376 --- [restartedMain] iguration$LoadBalancerCaffeineWarnLogger : Spring Cloud LoadBalancer is currently working with the default cache. You can switch to using Caffeine cache, by adding it and org.springframework.cache.caffeine.CaffeineCacheManager to the classpath.
2025-01-14 08:35:27.289  INFO 5376 --- [restartedMain] o.s.b.w.embedded.tomcat.TomcatWebServer  : Tomcat started on port(s): 8080 (http) with context path ''
2025-01-14 08:35:27.323  INFO 5376 --- [restartedMain] r.g.s.a.m.MonitoringApplication          : Started MonitoringApplication in 20.492 seconds (JVM running for 21.609)
2025-01-14 08:35:35.711  INFO 5376 --- [http-nio-8080-exec-1] o.a.c.c.C.[Tomcat].[localhost].[/]       : Initializing Spring DispatcherServlet 'dispatcherServlet'
2025-01-14 08:35:35.712  INFO 5376 --- [http-nio-8080-exec-1] o.s.web.servlet.DispatcherServlet        : Initializing Servlet 'dispatcherServlet'
2025-01-14 08:35:35.714  INFO 5376 --- [http-nio-8080-exec-1] o.s.web.servlet.DispatcherServlet        : Completed initialization in 2 ms
2025-01-14 08:35:56.924  INFO 5376 --- [http-nio-8080-exec-4] o.o.s.security.SsoFilter                 : ----------------------------------------------------------
2025-01-14 08:35:56.925  INFO 5376 --- [http-nio-8080-exec-4] o.o.s.security.SsoFilter                 : Произведен вход с логином 041AlikinOS
2025-01-14 08:35:56.931  INFO 5376 --- [http-nio-8080-exec-4] o.o.s.security.SsoFilter                 : Подразделение: 041-000-4601
2025-01-14 08:35:56.931  INFO 5376 --- [http-nio-8080-exec-4] o.o.s.security.SsoFilter                 : Список ролей, доступных пользователю:
2025-01-14 08:35:56.932  INFO 5376 --- [http-nio-8080-exec-4] o.o.s.security.SsoFilter                 : ROLE_ADMIN
2025-01-14 08:35:56.932  INFO 5376 --- [http-nio-8080-exec-4] o.o.s.security.SsoFilter                 : ----------------------------------------------------------
2025-01-14 08:35:57.017  INFO 5376 --- [http-nio-8080-exec-4] r.g.s.a.m.a.ApplicationLogingAspect      : 041AlikinOS запросил String ru.gov.sfr.aos.monitoring.controllers.SvtViewController.getPhones(Model,String,String,FilterDto)
2025-01-14 08:36:02.023  INFO 5376 --- [http-nio-8080-exec-10] r.g.s.a.m.a.ApplicationLogingAspect      : 041AlikinOS запросил List ru.gov.sfr.aos.monitoring.controllers.GetInfoController.getCurrentLocations()
2025-01-14 08:36:02.669  INFO 5376 --- [http-nio-8080-exec-2] r.g.s.a.m.a.ApplicationLogingAspect      : 041AlikinOS запросил List ru.gov.sfr.aos.monitoring.controllers.GetInfoController.getModelPhones()
2025-01-14 08:36:20.250  INFO 5376 --- [http-nio-8080-exec-1] r.g.s.a.m.a.ApplicationLogingAspect      : 041AlikinOS запросил String ru.gov.sfr.aos.monitoring.controllers.SvtViewController.getPhones(Model,String,String,FilterDto)
2025-01-14 08:36:21.203  INFO 5376 --- [http-nio-8080-exec-5] r.g.s.a.m.a.ApplicationLogingAspect      : 041AlikinOS запросил List ru.gov.sfr.aos.monitoring.controllers.GetInfoController.getCurrentLocations()
2025-01-14 08:36:21.262  INFO 5376 --- [http-nio-8080-exec-7] r.g.s.a.m.a.ApplicationLogingAspect      : 041AlikinOS запросил List ru.gov.sfr.aos.monitoring.controllers.GetInfoController.getModelPhones()
2025-01-14 08:36:23.304  INFO 5376 --- [http-nio-8080-exec-9] r.g.s.a.m.a.ApplicationLogingAspect      : 041AlikinOS запросил SvtDTO ru.gov.sfr.aos.monitoring.controllers.GetInfoController.getPhoneById(Long)
2025-01-14 08:36:23.335  INFO 5376 --- [http-nio-8080-exec-1] r.g.s.a.m.a.ApplicationLogingAspect      : 041AlikinOS запросил List ru.gov.sfr.aos.monitoring.controllers.GetInfoController.getLocByPlaceType(String)
2025-01-14 08:36:23.405  INFO 5376 --- [http-nio-8080-exec-2] r.g.s.a.m.a.ApplicationLogingAspect      : 041AlikinOS запросил List ru.gov.sfr.aos.monitoring.controllers.GetInfoController.getDepsByLocAndPlaceType(String,Long)
2025-01-14 08:36:23.445  INFO 5376 --- [http-nio-8080-exec-8] r.g.s.a.m.a.ApplicationLogingAspect      : 041AlikinOS запросил List ru.gov.sfr.aos.monitoring.controllers.GetInfoController.getplacesByLocationAndDepartments(Long,String)
2025-01-14 08:36:23.500  INFO 5376 --- [http-nio-8080-exec-4] r.g.s.a.m.a.ApplicationLogingAspect      : 041AlikinOS запросил List ru.gov.sfr.aos.monitoring.controllers.GetInfoController.getModelPhones()
2025-01-14 08:36:23.587  INFO 5376 --- [http-nio-8080-exec-6] r.g.s.a.m.a.ApplicationLogingAspect      : 041AlikinOS запросил PlaceDTO ru.gov.sfr.aos.monitoring.controllers.GetInfoController.getStorageByPlace(Long)
2025-01-14 08:36:29.727  INFO 5376 --- [http-nio-8080-exec-2] r.g.s.a.m.a.ApplicationLogingAspect      : Отредактирована запись:SvtDTO{id=7118, modelId=3, model=не указано Opencape Desk Phone IP 35G Eco, status=OK, inventaryNumber=ПФ1101344660, serialNumber=001AE87655E2, yearCreated=2016, dateExploitationBegin=null, placeId=2103, placeName=null, placeType=null, departmentCode=null, locationId=null, phoneNumber=7085, nameFromOneC=null, typeDto=null, baseType=null, batteryType=null, batteryTypeId=null, batteryAmount=0, yearReplacement=0, numberRoom=null}. User: 041AlikinOS
2025-01-14 08:36:29.780  WARN 5376 --- [http-nio-8080-exec-2] .w.s.m.a.ResponseStatusExceptionResolver : Resolved [ru.gov.sfr.aos.monitoring.exceptions.ObjectAlreadyExists: Телефон с таким серийным номером уже есть в базе данных]
2025-01-14 08:36:29.791  INFO 5376 --- [http-nio-8080-exec-2] r.g.s.a.m.a.ApplicationLogingAspect      : Отредактирована запись:SecurityContextHolderAwareRequestWrapper[ org.springframework.security.web.context.HttpSessionSecurityContextRepository$SaveToSessionRequestWrapper@78944161]. User: 041AlikinOS
2025-01-14 08:36:29.795  INFO 5376 --- [http-nio-8080-exec-2] r.g.s.a.m.c.ExceptionController          : Http status code >> 409
2025-01-14 08:36:29.795  INFO 5376 --- [http-nio-8080-exec-2] r.g.s.a.m.c.ExceptionController          : Exception >> null
2025-01-14 08:36:29.796  INFO 5376 --- [http-nio-8080-exec-2] r.g.s.a.m.c.ExceptionController          : exceptionType >> null
2025-01-14 08:36:29.796  INFO 5376 --- [http-nio-8080-exec-2] r.g.s.a.m.c.ExceptionController          : errorMessage >> 
2025-01-14 08:36:29.796  INFO 5376 --- [http-nio-8080-exec-2] r.g.s.a.m.c.ExceptionController          : requestUri >> /updphone
2025-01-14 08:36:29.796  INFO 5376 --- [http-nio-8080-exec-2] r.g.s.a.m.c.ExceptionController          : servletName >> dispatcherServlet
2025-01-14 08:37:19.965  INFO 5376 --- [http-nio-8080-exec-4] r.g.s.a.m.a.ApplicationLogingAspect      : 041AlikinOS запросил String ru.gov.sfr.aos.monitoring.controllers.SvtViewController.getPhones(Model,String,String,FilterDto)
2025-01-14 08:37:20.701  INFO 5376 --- [http-nio-8080-exec-3] r.g.s.a.m.a.ApplicationLogingAspect      : 041AlikinOS запросил List ru.gov.sfr.aos.monitoring.controllers.GetInfoController.getCurrentLocations()
2025-01-14 08:37:20.748  INFO 5376 --- [http-nio-8080-exec-9] r.g.s.a.m.a.ApplicationLogingAspect      : 041AlikinOS запросил List ru.gov.sfr.aos.monitoring.controllers.GetInfoController.getModelPhones()
2025-01-14 08:37:22.413  INFO 5376 --- [http-nio-8080-exec-2] r.g.s.a.m.a.ApplicationLogingAspect      : 041AlikinOS запросил SvtDTO ru.gov.sfr.aos.monitoring.controllers.GetInfoController.getPhoneById(Long)
2025-01-14 08:37:22.425  INFO 5376 --- [http-nio-8080-exec-4] r.g.s.a.m.a.ApplicationLogingAspect      : 041AlikinOS запросил List ru.gov.sfr.aos.monitoring.controllers.GetInfoController.getLocByPlaceType(String)
2025-01-14 08:37:22.466  INFO 5376 --- [http-nio-8080-exec-8] r.g.s.a.m.a.ApplicationLogingAspect      : 041AlikinOS запросил List ru.gov.sfr.aos.monitoring.controllers.GetInfoController.getDepsByLocAndPlaceType(String,Long)
2025-01-14 08:37:22.509  INFO 5376 --- [http-nio-8080-exec-6] r.g.s.a.m.a.ApplicationLogingAspect      : 041AlikinOS запросил List ru.gov.sfr.aos.monitoring.controllers.GetInfoController.getplacesByLocationAndDepartments(Long,String)
2025-01-14 08:37:22.578  INFO 5376 --- [http-nio-8080-exec-5] r.g.s.a.m.a.ApplicationLogingAspect      : 041AlikinOS запросил List ru.gov.sfr.aos.monitoring.controllers.GetInfoController.getModelPhones()
2025-01-14 08:37:22.604  INFO 5376 --- [http-nio-8080-exec-1] r.g.s.a.m.a.ApplicationLogingAspect      : 041AlikinOS запросил PlaceDTO ru.gov.sfr.aos.monitoring.controllers.GetInfoController.getStorageByPlace(Long)
2025-01-14 08:37:29.327  INFO 5376 --- [http-nio-8080-exec-8] r.g.s.a.m.a.ApplicationLogingAspect      : Отредактирована запись:SvtDTO{id=7118, modelId=3, model=не указано Opencape Desk Phone IP 35G Eco, status=OK, inventaryNumber=ПФ1101344660, serialNumber=001AE87655E2, yearCreated=2016, dateExploitationBegin=null, placeId=2103, placeName=null, placeType=null, departmentCode=null, locationId=null, phoneNumber=7085, nameFromOneC=null, typeDto=null, baseType=null, batteryType=null, batteryTypeId=null, batteryAmount=0, yearReplacement=0, numberRoom=null}. User: 041AlikinOS
2025-01-14 08:37:29.547  INFO 5376 --- [http-nio-8080-exec-6] r.g.s.a.m.a.ApplicationLogingAspect      : 041AlikinOS запросил String ru.gov.sfr.aos.monitoring.controllers.SvtViewController.getPhones(Model,String,String,FilterDto)
2025-01-14 08:37:30.071  INFO 5376 --- [http-nio-8080-exec-6] r.g.s.a.m.a.ApplicationLogingAspect      : 041AlikinOS запросил List ru.gov.sfr.aos.monitoring.controllers.GetInfoController.getCurrentLocations()
2025-01-14 08:37:30.120  INFO 5376 --- [http-nio-8080-exec-7] r.g.s.a.m.a.ApplicationLogingAspect      : 041AlikinOS запросил List ru.gov.sfr.aos.monitoring.controllers.GetInfoController.getModelPhones()
2025-01-14 10:07:16.356  INFO 2976 --- [restartedMain] r.g.s.a.m.MonitoringApplication          : Starting MonitoringApplication using Java 11.0.2 on WS04100008018 with PID 2976 (C:\Users\041AlikinOS\Documents\NetBeansProjects\monitoring\target\classes started by 041AlikinOS in C:\Users\041AlikinOS\Documents\NetBeansProjects\monitoring)
2025-01-14 10:07:16.367  INFO 2976 --- [restartedMain] r.g.s.a.m.MonitoringApplication          : No active profile set, falling back to 1 default profile: "default"
2025-01-14 10:07:16.447  INFO 2976 --- [restartedMain] .e.DevToolsPropertyDefaultsPostProcessor : Devtools property defaults active! Set 'spring.devtools.add-properties' to 'false' to disable
2025-01-14 10:07:16.447  INFO 2976 --- [restartedMain] .e.DevToolsPropertyDefaultsPostProcessor : For additional web related logging consider setting the 'logging.level.web' property to 'DEBUG'
2025-01-14 10:07:17.618  INFO 2976 --- [restartedMain] .s.d.r.c.RepositoryConfigurationDelegate : Bootstrapping Spring Data JPA repositories in DEFAULT mode.
2025-01-14 10:07:18.366  INFO 2976 --- [restartedMain] .s.d.r.c.RepositoryConfigurationDelegate : Finished Spring Data repository scanning in 739 ms. Found 66 JPA repository interfaces.
2025-01-14 10:07:18.868  INFO 2976 --- [restartedMain] o.s.cloud.context.scope.GenericScope     : BeanFactory id=0d3c9458-004c-3f29-b6a6-d5ec1d2f75f3
2025-01-14 10:07:20.457  INFO 2976 --- [restartedMain] o.s.b.w.embedded.tomcat.TomcatWebServer  : Tomcat initialized with port(s): 8080 (http)
2025-01-14 10:07:20.504  INFO 2976 --- [restartedMain] o.apache.catalina.core.StandardService   : Starting service [Tomcat]
2025-01-14 10:07:20.504  INFO 2976 --- [restartedMain] org.apache.catalina.core.StandardEngine  : Starting Servlet engine: [Apache Tomcat/9.0.71]
2025-01-14 10:07:20.652  INFO 2976 --- [restartedMain] o.a.c.c.C.[Tomcat].[localhost].[/]       : Initializing Spring embedded WebApplicationContext
2025-01-14 10:07:20.652  INFO 2976 --- [restartedMain] w.s.c.ServletWebServerApplicationContext : Root WebApplicationContext: initialization completed in 4204 ms
2025-01-14 10:07:20.763  WARN 2976 --- [restartedMain] JpaBaseConfiguration$JpaWebConfiguration : spring.jpa.open-in-view is enabled by default. Therefore, database queries may be performed during view rendering. Explicitly configure spring.jpa.open-in-view to disable this warning
2025-01-14 10:07:21.148  INFO 2976 --- [restartedMain] o.hibernate.jpa.internal.util.LogHelper  : HHH000204: Processing PersistenceUnitInfo [name: default]
2025-01-14 10:07:21.193  INFO 2976 --- [restartedMain] org.hibernate.Version                    : HHH000412: Hibernate ORM core version 5.6.14.Final
2025-01-14 10:07:21.412  INFO 2976 --- [restartedMain] o.hibernate.annotations.common.Version   : HCANN000001: Hibernate Commons Annotations {5.1.2.Final}
2025-01-14 10:07:21.814  INFO 2976 --- [restartedMain] com.zaxxer.hikari.HikariDataSource       : HikariPool-1 - Starting...
2025-01-14 10:07:22.488  INFO 2976 --- [restartedMain] com.zaxxer.hikari.HikariDataSource       : HikariPool-1 - Start completed.
2025-01-14 10:07:22.503  INFO 2976 --- [restartedMain] org.hibernate.dialect.Dialect            : HHH000400: Using dialect: org.hibernate.dialect.MySQL5InnoDBDialect
2025-01-14 10:07:22.759  WARN 2976 --- [restartedMain] org.hibernate.cfg.AnnotationBinder       : HHH000137: Root entity should not hold a PrimaryKeyJoinColum(s), will be ignored: ru.gov.sfr.aos.monitoring.entities.Location
2025-01-14 10:07:22.765  WARN 2976 --- [restartedMain] org.hibernate.cfg.AnnotationBinder       : HHH000137: Root entity should not hold a PrimaryKeyJoinColum(s), will be ignored: ru.gov.sfr.aos.monitoring.entities.NameFromOneC
2025-01-14 10:07:22.774  WARN 2976 --- [restartedMain] org.hibernate.cfg.AnnotationBinder       : HHH000137: Root entity should not hold a PrimaryKeyJoinColum(s), will be ignored: ru.gov.sfr.aos.monitoring.entities.Repair
2025-01-14 10:07:22.803  WARN 2976 --- [restartedMain] org.hibernate.cfg.AnnotationBinder       : HHH000137: Root entity should not hold a PrimaryKeyJoinColum(s), will be ignored: ru.gov.sfr.aos.monitoring.entities.Transfer
2025-01-14 10:07:25.370  INFO 2976 --- [restartedMain] o.h.e.t.j.p.i.JtaPlatformInitiator       : HHH000490: Using JtaPlatform implementation: [org.hibernate.engine.transaction.jta.platform.internal.NoJtaPlatform]
2025-01-14 10:07:25.380  INFO 2976 --- [restartedMain] j.LocalContainerEntityManagerFactoryBean : Initialized JPA EntityManagerFactory for persistence unit 'default'
2025-01-14 10:07:31.196  WARN 2976 --- [restartedMain] o.s.s.c.a.web.builders.WebSecurity       : You are asking Spring Security to ignore Ant [pattern='/resources/**']. This is not recommended -- please use permitAll via HttpSecurity#authorizeHttpRequests instead.
2025-01-14 10:07:31.198  INFO 2976 --- [restartedMain] o.s.s.web.DefaultSecurityFilterChain     : Will not secure Ant [pattern='/resources/**']
2025-01-14 10:07:31.199  WARN 2976 --- [restartedMain] o.s.s.c.a.web.builders.WebSecurity       : You are asking Spring Security to ignore Ant [pattern='/actuator/**']. This is not recommended -- please use permitAll via HttpSecurity#authorizeHttpRequests instead.
2025-01-14 10:07:31.199  INFO 2976 --- [restartedMain] o.s.s.web.DefaultSecurityFilterChain     : Will not secure Ant [pattern='/actuator/**']
2025-01-14 10:07:31.199  WARN 2976 --- [restartedMain] o.s.s.c.a.web.builders.WebSecurity       : You are asking Spring Security to ignore Ant [pattern='/actuator/criteria']. This is not recommended -- please use permitAll via HttpSecurity#authorizeHttpRequests instead.
2025-01-14 10:07:31.199  INFO 2976 --- [restartedMain] o.s.s.web.DefaultSecurityFilterChain     : Will not secure Ant [pattern='/actuator/criteria']
2025-01-14 10:07:31.280  INFO 2976 --- [restartedMain] o.s.s.web.DefaultSecurityFilterChain     : Will secure any request with [org.springframework.security.web.session.DisableEncodeUrlFilter@4802402, org.springframework.security.web.context.request.async.WebAsyncManagerIntegrationFilter@340b385f, org.springframework.security.web.context.SecurityContextPersistenceFilter@255329f6, org.springframework.security.web.header.HeaderWriterFilter@7c4dbfef, org.springframework.security.web.authentication.logout.LogoutFilter@6f76e101, org.opfr.springbootstarterauthsso.security.SsoFilter@4ac6330a, org.springframework.security.web.savedrequest.RequestCacheAwareFilter@1aa4954c, org.springframework.security.web.servletapi.SecurityContextHolderAwareRequestFilter@450ad616, org.springframework.security.web.authentication.AnonymousAuthenticationFilter@342bce1, org.springframework.security.web.session.SessionManagementFilter@2998cb20, org.springframework.security.web.access.ExceptionTranslationFilter@109b60d0, org.springframework.security.web.access.intercept.FilterSecurityInterceptor@74d874d3]
2025-01-14 10:07:32.548  INFO 2976 --- [restartedMain] o.s.b.d.a.OptionalLiveReloadServer       : LiveReload server is running on port 35729
2025-01-14 10:07:32.583  INFO 2976 --- [restartedMain] o.s.c.openfeign.FeignClientFactoryBean   : For 'dictionary-service' URL not provided. Will try picking an instance via load-balancing.
2025-01-14 10:07:32.658  INFO 2976 --- [restartedMain] o.s.c.openfeign.FeignClientFactoryBean   : For 'dictionary-service' URL not provided. Will try picking an instance via load-balancing.
2025-01-14 10:07:33.012  INFO 2976 --- [restartedMain] DiscoveryClientOptionalArgsConfiguration : Eureka HTTP Client uses RestTemplate.
2025-01-14 10:07:33.109  WARN 2976 --- [restartedMain] iguration$LoadBalancerCaffeineWarnLogger : Spring Cloud LoadBalancer is currently working with the default cache. You can switch to using Caffeine cache, by adding it and org.springframework.cache.caffeine.CaffeineCacheManager to the classpath.
2025-01-14 10:07:33.190  INFO 2976 --- [restartedMain] o.s.b.w.embedded.tomcat.TomcatWebServer  : Tomcat started on port(s): 8080 (http) with context path ''
2025-01-14 10:07:33.220  INFO 2976 --- [restartedMain] r.g.s.a.m.MonitoringApplication          : Started MonitoringApplication in 17.578 seconds (JVM running for 18.548)
2025-01-14 10:14:08.640  INFO 2976 --- [http-nio-8080-exec-1] o.a.c.c.C.[Tomcat].[localhost].[/]       : Initializing Spring DispatcherServlet 'dispatcherServlet'
2025-01-14 10:14:08.640  INFO 2976 --- [http-nio-8080-exec-1] o.s.web.servlet.DispatcherServlet        : Initializing Servlet 'dispatcherServlet'
2025-01-14 10:14:08.642  INFO 2976 --- [http-nio-8080-exec-1] o.s.web.servlet.DispatcherServlet        : Completed initialization in 2 ms
2025-01-14 10:14:53.608  INFO 2976 --- [http-nio-8080-exec-3] o.o.s.security.SsoFilter                 : ----------------------------------------------------------
2025-01-14 10:14:53.608  INFO 2976 --- [http-nio-8080-exec-3] o.o.s.security.SsoFilter                 : Произведен вход с логином 041AlikinOS
2025-01-14 10:14:53.608  INFO 2976 --- [http-nio-8080-exec-3] o.o.s.security.SsoFilter                 : Подразделение: 041-000-4601
2025-01-14 10:14:53.608  INFO 2976 --- [http-nio-8080-exec-3] o.o.s.security.SsoFilter                 : Список ролей, доступных пользователю:
2025-01-14 10:14:53.608  INFO 2976 --- [http-nio-8080-exec-3] o.o.s.security.SsoFilter                 : ROLE_ADMIN
2025-01-14 10:14:53.608  INFO 2976 --- [http-nio-8080-exec-3] o.o.s.security.SsoFilter                 : ----------------------------------------------------------
2025-01-14 10:14:53.682  INFO 2976 --- [http-nio-8080-exec-3] r.g.s.a.m.a.ApplicationLogingAspect      : 041AlikinOS запросил String ru.gov.sfr.aos.monitoring.controllers.SvtViewController.getPhones(Model,String,String,FilterDto)
2025-01-14 10:14:58.053  INFO 2976 --- [http-nio-8080-exec-2] r.g.s.a.m.a.ApplicationLogingAspect      : 041AlikinOS запросил List ru.gov.sfr.aos.monitoring.controllers.GetInfoController.getCurrentLocations()
2025-01-14 10:14:58.188  INFO 2976 --- [http-nio-8080-exec-10] r.g.s.a.m.a.ApplicationLogingAspect      : 041AlikinOS запросил List ru.gov.sfr.aos.monitoring.controllers.GetInfoController.getModelPhones()
